Symfony\Component\DependencyInjection\Compiler\ResolveDefinitionTemplatesPass: Resolving inheritance for "instanceof.Symfony\Component\Form\FormTypeInterface.0.app.form.address" (parent: abstract.instanceof.app.form.address).
Symfony\Component\DependencyInjection\Compiler\ResolveDefinitionTemplatesPass: Resolving inheritance for "app.form.address" (parent: instanceof.Symfony\Component\Form\FormTypeInterface.0.app.form.address).
Symfony\Component\DependencyInjection\Compiler\ResolveDefinitionTemplatesPass: Resolving inheritance for "instanceof.Symfony\Component\Console\Command\Command.0.AppBundle\Command\SocketCommand" (parent: abstract.instanceof.AppBundle\Command\SocketCommand).
Symfony\Component\DependencyInjection\Compiler\ResolveDefinitionTemplatesPass: Resolving inheritance for "AppBundle\Command\SocketCommand" (parent: instanceof.Symfony\Component\Console\Command\Command.0.AppBundle\Command\SocketCommand).
Symfony\Component\DependencyInjection\Compiler\ResolveDefinitionTemplatesPass: Resolving inheritance for "instanceof.Symfony\Bundle\FrameworkBundle\Controller\Controller.0.AppBundle\Controller\DefaultController" (parent: abstract.instanceof.AppBundle\Controller\DefaultController).
Symfony\Component\DependencyInjection\Compiler\ResolveDefinitionTemplatesPass: Resolving inheritance for "AppBundle\Controller\DefaultController" (parent: instanceof.Symfony\Bundle\FrameworkBundle\Controller\Controller.0.AppBundle\Controller\DefaultController).
Symfony\Component\DependencyInjection\Compiler\ResolveDefinitionTemplatesPass: Resolving inheritance for "instanceof.Symfony\Bundle\FrameworkBundle\Controller\Controller.0.AppBundle\Controller\LoginController" (parent: abstract.instanceof.AppBundle\Controller\LoginController).
Symfony\Component\DependencyInjection\Compiler\ResolveDefinitionTemplatesPass: Resolving inheritance for "AppBundle\Controller\LoginController" (parent: instanceof.Symfony\Bundle\FrameworkBundle\Controller\Controller.0.AppBundle\Controller\LoginController).
Symfony\Component\DependencyInjection\Compiler\ResolveDefinitionTemplatesPass: Resolving inheritance for "instanceof.Symfony\Bundle\FrameworkBundle\Controller\Controller.0.AppBundle\Controller\ProfileController" (parent: abstract.instanceof.AppBundle\Controller\ProfileController).
Symfony\Component\DependencyInjection\Compiler\ResolveDefinitionTemplatesPass: Resolving inheritance for "AppBundle\Controller\ProfileController" (parent: instanceof.Symfony\Bundle\FrameworkBundle\Controller\Controller.0.AppBundle\Controller\ProfileController).
Symfony\Component\DependencyInjection\Compiler\ResolveDefinitionTemplatesPass: Resolving inheritance for "instanceof.Symfony\Bundle\FrameworkBundle\Controller\Controller.0.AppBundle\Controller\TestController" (parent: abstract.instanceof.AppBundle\Controller\TestController).
Symfony\Component\DependencyInjection\Compiler\ResolveDefinitionTemplatesPass: Resolving inheritance for "AppBundle\Controller\TestController" (parent: instanceof.Symfony\Bundle\FrameworkBundle\Controller\Controller.0.AppBundle\Controller\TestController).
Symfony\Component\DependencyInjection\Compiler\ResolveDefinitionTemplatesPass: Resolving inheritance for "instanceof.Symfony\Component\Form\FormTypeInterface.0.AppBundle\Form\Type\AddressFormType" (parent: abstract.instanceof.AppBundle\Form\Type\AddressFormType).
Symfony\Component\DependencyInjection\Compiler\ResolveDefinitionTemplatesPass: Resolving inheritance for "AppBundle\Form\Type\AddressFormType" (parent: instanceof.Symfony\Component\Form\FormTypeInterface.0.AppBundle\Form\Type\AddressFormType).
Symfony\Component\DependencyInjection\Compiler\ResolveDefinitionTemplatesPass: Resolving inheritance for "instanceof.Symfony\Component\Form\FormTypeInterface.0.AppBundle\Form\Type\ProfileFormType" (parent: abstract.instanceof.AppBundle\Form\Type\ProfileFormType).
Symfony\Component\DependencyInjection\Compiler\ResolveDefinitionTemplatesPass: Resolving inheritance for "AppBundle\Form\Type\ProfileFormType" (parent: instanceof.Symfony\Component\Form\FormTypeInterface.0.AppBundle\Form\Type\ProfileFormType).
Symfony\Component\DependencyInjection\Compiler\ResolveDefinitionTemplatesPass: Resolving inheritance for "instanceof.Symfony\Component\Form\FormTypeInterface.0.AppBundle\Form\Type\RegistrationFormType" (parent: abstract.instanceof.AppBundle\Form\Type\RegistrationFormType).
Symfony\Component\DependencyInjection\Compiler\ResolveDefinitionTemplatesPass: Resolving inheritance for "AppBundle\Form\Type\RegistrationFormType" (parent: instanceof.Symfony\Component\Form\FormTypeInterface.0.AppBundle\Form\Type\RegistrationFormType).
Symfony\Component\DependencyInjection\Compiler\ResolveDefinitionTemplatesPass: Resolving inheritance for "cache.app" (parent: cache.adapter.filesystem).
Symfony\Component\DependencyInjection\Compiler\ResolveDefinitionTemplatesPass: Resolving inheritance for "cache.system" (parent: cache.adapter.system).
Symfony\Component\DependencyInjection\Compiler\ResolveDefinitionTemplatesPass: Resolving inheritance for "cache.validator" (parent: cache.system).
Symfony\Component\DependencyInjection\Compiler\ResolveDefinitionTemplatesPass: Resolving inheritance for "cache.serializer" (parent: cache.system).
Symfony\Component\DependencyInjection\Compiler\ResolveDefinitionTemplatesPass: Resolving inheritance for "cache.annotations" (parent: cache.system).
Symfony\Component\DependencyInjection\Compiler\ResolveDefinitionTemplatesPass: Resolving inheritance for "cache.global_clearer" (parent: cache.default_clearer).
Symfony\Component\DependencyInjection\Compiler\ResolveDefinitionTemplatesPass: Resolving inheritance for "assets._default_package" (parent: assets.path_package).
Symfony\Component\DependencyInjection\Compiler\ResolveDefinitionTemplatesPass: Resolving inheritance for "security.authentication.listener.form" (parent: security.authentication.listener.abstract).
Symfony\Component\DependencyInjection\Compiler\ResolveDefinitionTemplatesPass: Resolving inheritance for "security.authentication.listener.simple_form" (parent: security.authentication.listener.abstract).
Symfony\Component\DependencyInjection\Compiler\ResolveDefinitionTemplatesPass: Resolving inheritance for "security.authentication.rememberme.services.persistent" (parent: security.authentication.rememberme.services.abstract).
Symfony\Component\DependencyInjection\Compiler\ResolveDefinitionTemplatesPass: Resolving inheritance for "security.authentication.rememberme.services.simplehash" (parent: security.authentication.rememberme.services.abstract).
Symfony\Component\DependencyInjection\Compiler\ResolveDefinitionTemplatesPass: Resolving inheritance for "security.firewall.map.config.main" (parent: security.firewall.config).
Symfony\Component\DependencyInjection\Compiler\ResolveDefinitionTemplatesPass: Resolving inheritance for "security.context_listener.0" (parent: security.context_listener).
Symfony\Component\DependencyInjection\Compiler\ResolveDefinitionTemplatesPass: Resolving inheritance for "security.logout_listener.main" (parent: security.logout_listener).
Symfony\Component\DependencyInjection\Compiler\ResolveDefinitionTemplatesPass: Resolving inheritance for "security.logout.success_handler.main" (parent: security.logout.success_handler).
Symfony\Component\DependencyInjection\Compiler\ResolveDefinitionTemplatesPass: Resolving inheritance for "security.authentication.provider.dao.main" (parent: security.authentication.provider.dao).
Symfony\Component\DependencyInjection\Compiler\ResolveDefinitionTemplatesPass: Resolving inheritance for "security.authentication.success_handler.main.form_login" (parent: security.authentication.success_handler).
Symfony\Component\DependencyInjection\Compiler\ResolveDefinitionTemplatesPass: Resolving inheritance for "security.authentication.failure_handler.main.form_login" (parent: security.authentication.failure_handler).
Symfony\Component\DependencyInjection\Compiler\ResolveDefinitionTemplatesPass: Resolving inheritance for "security.authentication.listener.form.main" (parent: security.authentication.listener.form).
Symfony\Component\DependencyInjection\Compiler\ResolveDefinitionTemplatesPass: Resolving inheritance for "security.authentication.form_entry_point.main" (parent: security.authentication.form_entry_point).
Symfony\Component\DependencyInjection\Compiler\ResolveDefinitionTemplatesPass: Resolving inheritance for "security.authentication.listener.anonymous.main" (parent: security.authentication.listener.anonymous).
Symfony\Component\DependencyInjection\Compiler\ResolveDefinitionTemplatesPass: Resolving inheritance for "security.authentication.provider.anonymous.main" (parent: security.authentication.provider.anonymous).
Symfony\Component\DependencyInjection\Compiler\ResolveDefinitionTemplatesPass: Resolving inheritance for "security.exception_listener.main" (parent: security.exception_listener).
Symfony\Component\DependencyInjection\Compiler\ResolveDefinitionTemplatesPass: Resolving inheritance for "security.firewall.map.context.main" (parent: security.firewall.context).
Symfony\Component\DependencyInjection\Compiler\ResolveDefinitionTemplatesPass: Resolving inheritance for "monolog.logger" (parent: monolog.logger_prototype).
Symfony\Component\DependencyInjection\Compiler\ResolveDefinitionTemplatesPass: Resolving inheritance for "swiftmailer.mailer.default.transport.eventdispatcher" (parent: swiftmailer.transport.eventdispatcher.abstract).
Symfony\Component\DependencyInjection\Compiler\ResolveDefinitionTemplatesPass: Resolving inheritance for "swiftmailer.mailer.default.transport.authhandler" (parent: swiftmailer.transport.authhandler.abstract).
Symfony\Component\DependencyInjection\Compiler\ResolveDefinitionTemplatesPass: Resolving inheritance for "swiftmailer.mailer.default.transport.buffer" (parent: swiftmailer.transport.buffer.abstract).
Symfony\Component\DependencyInjection\Compiler\ResolveDefinitionTemplatesPass: Resolving inheritance for "swiftmailer.transport.configurator.default" (parent: swiftmailer.transport.smtp.configurator.abstract).
Symfony\Component\DependencyInjection\Compiler\ResolveDefinitionTemplatesPass: Resolving inheritance for "swiftmailer.mailer.default.transport.smtp" (parent: swiftmailer.transport.smtp.abstract).
Symfony\Component\DependencyInjection\Compiler\ResolveDefinitionTemplatesPass: Resolving inheritance for "swiftmailer.mailer.default" (parent: swiftmailer.mailer.abstract).
Symfony\Component\DependencyInjection\Compiler\ResolveDefinitionTemplatesPass: Resolving inheritance for "swiftmailer.mailer.default.spool.memory" (parent: swiftmailer.spool.memory.abstract).
Symfony\Component\DependencyInjection\Compiler\ResolveDefinitionTemplatesPass: Resolving inheritance for "swiftmailer.mailer.default.transport.spool" (parent: swiftmailer.transport.spool.abstract).
Symfony\Component\DependencyInjection\Compiler\ResolveDefinitionTemplatesPass: Resolving inheritance for "swiftmailer.mailer.default.plugin.messagelogger" (parent: swiftmailer.plugin.messagelogger.abstract).
Symfony\Component\DependencyInjection\Compiler\ResolveDefinitionTemplatesPass: Resolving inheritance for "doctrine.dbal.default_connection.configuration" (parent: doctrine.dbal.connection.configuration).
Symfony\Component\DependencyInjection\Compiler\ResolveDefinitionTemplatesPass: Resolving inheritance for "doctrine.dbal.logger.profiling.default" (parent: doctrine.dbal.logger.profiling).
Symfony\Component\DependencyInjection\Compiler\ResolveDefinitionTemplatesPass: Resolving inheritance for "doctrine.dbal.logger.chain.default" (parent: doctrine.dbal.logger.chain).
Symfony\Component\DependencyInjection\Compiler\ResolveDefinitionTemplatesPass: Resolving inheritance for "doctrine.dbal.default_connection.event_manager" (parent: doctrine.dbal.connection.event_manager).
Symfony\Component\DependencyInjection\Compiler\ResolveDefinitionTemplatesPass: Resolving inheritance for "doctrine.dbal.default_connection" (parent: doctrine.dbal.connection).
Symfony\Component\DependencyInjection\Compiler\ResolveDefinitionTemplatesPass: Resolving inheritance for "doctrine.orm.default_configuration" (parent: doctrine.orm.configuration).
Symfony\Component\DependencyInjection\Compiler\ResolveDefinitionTemplatesPass: Resolving inheritance for "doctrine_cache.providers.doctrine.orm.default_metadata_cache" (parent: doctrine_cache.abstract.array).
Symfony\Component\DependencyInjection\Compiler\ResolveDefinitionTemplatesPass: Resolving inheritance for "doctrine_cache.providers.doctrine.orm.default_result_cache" (parent: doctrine_cache.abstract.array).
Symfony\Component\DependencyInjection\Compiler\ResolveDefinitionTemplatesPass: Resolving inheritance for "doctrine_cache.providers.doctrine.orm.default_query_cache" (parent: doctrine_cache.abstract.array).
Symfony\Component\DependencyInjection\Compiler\ResolveDefinitionTemplatesPass: Resolving inheritance for "doctrine.orm.default_manager_configurator" (parent: doctrine.orm.manager_configurator.abstract).
Symfony\Component\DependencyInjection\Compiler\ResolveDefinitionTemplatesPass: Resolving inheritance for "doctrine.orm.default_entity_manager" (parent: doctrine.orm.entity_manager.abstract).
Symfony\Component\DependencyInjection\Compiler\ResolveDefinitionTemplatesPass: Resolving inheritance for "monolog.logger.request" (parent: monolog.logger_prototype).
Symfony\Component\DependencyInjection\Compiler\ResolveDefinitionTemplatesPass: Resolving inheritance for "monolog.logger.console" (parent: monolog.logger_prototype).
Symfony\Component\DependencyInjection\Compiler\ResolveDefinitionTemplatesPass: Resolving inheritance for "monolog.logger.cache" (parent: monolog.logger_prototype).
Symfony\Component\DependencyInjection\Compiler\ResolveDefinitionTemplatesPass: Resolving inheritance for "monolog.logger.templating" (parent: monolog.logger_prototype).
Symfony\Component\DependencyInjection\Compiler\ResolveDefinitionTemplatesPass: Resolving inheritance for "monolog.logger.translation" (parent: monolog.logger_prototype).
Symfony\Component\DependencyInjection\Compiler\ResolveDefinitionTemplatesPass: Resolving inheritance for "monolog.logger.php" (parent: monolog.logger_prototype).
Symfony\Component\DependencyInjection\Compiler\ResolveDefinitionTemplatesPass: Resolving inheritance for "monolog.logger.event" (parent: monolog.logger_prototype).
Symfony\Component\DependencyInjection\Compiler\ResolveDefinitionTemplatesPass: Resolving inheritance for "monolog.logger.router" (parent: monolog.logger_prototype).
Symfony\Component\DependencyInjection\Compiler\ResolveDefinitionTemplatesPass: Resolving inheritance for "monolog.logger.security" (parent: monolog.logger_prototype).
Symfony\Component\DependencyInjection\Compiler\ResolveDefinitionTemplatesPass: Resolving inheritance for "monolog.logger.doctrine" (parent: monolog.logger_prototype).
Symfony\Component\DependencyInjection\Compiler\AutowirePass: Cannot autowire service "service_locator.4f8384c8862c511eefe34301cff90111": it references class "Symfony\Component\HttpFoundation\Request" but no such service exists. It cannot be auto-registered because it is from a different root namespace.
Symfony\Component\DependencyInjection\Compiler\AutowirePass: Cannot autowire service "service_locator.c22fde7fbf4988a45ef714bb3afc34c4": it references class "Symfony\Component\HttpFoundation\Request" but no such service exists. It cannot be auto-registered because it is from a different root namespace.
Symfony\Component\DependencyInjection\Compiler\AutowirePass: Cannot autowire service "service_locator.2d83b400f6337b4f220ebee1bea66b16": it references class "Symfony\Component\HttpFoundation\Request" but no such service exists. It cannot be auto-registered because it is from a different root namespace.
Symfony\Component\DependencyInjection\Compiler\AutowirePass: Cannot autowire service "service_locator.5545a912456aa3332d1e20cf5009355e": it references class "Symfony\Component\HttpFoundation\Request" but no such service exists. It cannot be auto-registered because it is from a different root namespace.
Symfony\Component\HttpKernel\DependencyInjection\RemoveEmptyControllerArgumentLocatorsPass: Removing service-argument resolver for controller "AppBundle\Controller\DefaultController:indexAction": no corresponding services exist for the referenced types.
Symfony\Component\HttpKernel\DependencyInjection\RemoveEmptyControllerArgumentLocatorsPass: Removing service-argument resolver for controller "AppBundle\Controller\LoginController:indexAction": no corresponding services exist for the referenced types.
Symfony\Component\HttpKernel\DependencyInjection\RemoveEmptyControllerArgumentLocatorsPass: Removing service-argument resolver for controller "AppBundle\Controller\ProfileController:indexAction": no corresponding services exist for the referenced types.
Symfony\Component\HttpKernel\DependencyInjection\RemoveEmptyControllerArgumentLocatorsPass: Removing service-argument resolver for controller "AppBundle\Controller\TestController:testAction": no corresponding services exist for the referenced types.
Symfony\Component\DependencyInjection\Compiler\RemovePrivateAliasesPass: Removed service "Psr\Container\ContainerInterface"; reason: private alias.
Symfony\Component\DependencyInjection\Compiler\RemovePrivateAliasesPass: Removed service "Symfony\Component\DependencyInjection\ContainerInterface"; reason: private alias.
Symfony\Component\DependencyInjection\Compiler\RemovePrivateAliasesPass: Removed service "Symfony\Component\EventDispatcher\EventDispatcherInterface"; reason: private alias.
Symfony\Component\DependencyInjection\Compiler\RemovePrivateAliasesPass: Removed service "Symfony\Component\HttpKernel\HttpKernelInterface"; reason: private alias.
Symfony\Component\DependencyInjection\Compiler\RemovePrivateAliasesPass: Removed service "Symfony\Component\HttpFoundation\RequestStack"; reason: private alias.
Symfony\Component\DependencyInjection\Compiler\RemovePrivateAliasesPass: Removed service "Symfony\Component\HttpKernel\KernelInterface"; reason: private alias.
Symfony\Component\DependencyInjection\Compiler\RemovePrivateAliasesPass: Removed service "Symfony\Component\Filesystem\Filesystem"; reason: private alias.
Symfony\Component\DependencyInjection\Compiler\RemovePrivateAliasesPass: Removed service "Symfony\Component\HttpKernel\Config\FileLocator"; reason: private alias.
Symfony\Component\DependencyInjection\Compiler\RemovePrivateAliasesPass: Removed service "Symfony\Component\PropertyAccess\PropertyAccessorInterface"; reason: private alias.
Symfony\Component\DependencyInjection\Compiler\RemovePrivateAliasesPass: Removed service "Psr\Cache\CacheItemPoolInterface"; reason: private alias.
Symfony\Component\DependencyInjection\Compiler\RemovePrivateAliasesPass: Removed service "Symfony\Component\Translation\TranslatorInterface"; reason: private alias.
Symfony\Component\DependencyInjection\Compiler\RemovePrivateAliasesPass: Removed service "Symfony\Component\HttpFoundation\Session\SessionInterface"; reason: private alias.
Symfony\Component\DependencyInjection\Compiler\RemovePrivateAliasesPass: Removed service "Symfony\Component\HttpFoundation\Session\Storage\SessionStorageInterface"; reason: private alias.
Symfony\Component\DependencyInjection\Compiler\RemovePrivateAliasesPass: Removed service "SessionHandlerInterface"; reason: private alias.
Symfony\Component\DependencyInjection\Compiler\RemovePrivateAliasesPass: Removed service "Symfony\Component\Form\ResolvedFormTypeFactoryInterface"; reason: private alias.
Symfony\Component\DependencyInjection\Compiler\RemovePrivateAliasesPass: Removed service "Symfony\Component\Form\FormRegistryInterface"; reason: private alias.
Symfony\Component\DependencyInjection\Compiler\RemovePrivateAliasesPass: Removed service "Symfony\Component\Form\FormFactoryInterface"; reason: private alias.
Symfony\Component\DependencyInjection\Compiler\RemovePrivateAliasesPass: Removed service "form.property_accessor"; reason: private alias.
Symfony\Component\DependencyInjection\Compiler\RemovePrivateAliasesPass: Removed service "form.choice_list_factory"; reason: private alias.
Symfony\Component\DependencyInjection\Compiler\RemovePrivateAliasesPass: Removed service "Symfony\Component\Security\Csrf\TokenGenerator\TokenGeneratorInterface"; reason: private alias.
Symfony\Component\DependencyInjection\Compiler\RemovePrivateAliasesPass: Removed service "Symfony\Component\Security\Csrf\TokenStorage\TokenStorageInterface"; reason: private alias.
Symfony\Component\DependencyInjection\Compiler\RemovePrivateAliasesPass: Removed service "Symfony\Component\Security\Csrf\CsrfTokenManagerInterface"; reason: private alias.
Symfony\Component\DependencyInjection\Compiler\RemovePrivateAliasesPass: Removed service "Symfony\Component\Asset\Packages"; reason: private alias.
Symfony\Component\DependencyInjection\Compiler\RemovePrivateAliasesPass: Removed service "Symfony\Component\Validator\Validator\ValidatorInterface"; reason: private alias.
Symfony\Component\DependencyInjection\Compiler\RemovePrivateAliasesPass: Removed service "validator.mapping.class_metadata_factory"; reason: private alias.
Symfony\Component\DependencyInjection\Compiler\RemovePrivateAliasesPass: Removed service "cache.default_redis_provider"; reason: private alias.
Symfony\Component\DependencyInjection\Compiler\RemovePrivateAliasesPass: Removed service "cache.default_memcached_provider"; reason: private alias.
Symfony\Component\DependencyInjection\Compiler\RemovePrivateAliasesPass: Removed service "Symfony\Component\Stopwatch\Stopwatch"; reason: private alias.
Symfony\Component\DependencyInjection\Compiler\RemovePrivateAliasesPass: Removed service "Symfony\Component\HttpKernel\Debug\FileLinkFormatter"; reason: private alias.
Symfony\Component\DependencyInjection\Compiler\RemovePrivateAliasesPass: Removed service "Symfony\Component\Routing\RouterInterface"; reason: private alias.
Symfony\Component\DependencyInjection\Compiler\RemovePrivateAliasesPass: Removed service "Symfony\Component\Routing\Generator\UrlGeneratorInterface"; reason: private alias.
Symfony\Component\DependencyInjection\Compiler\RemovePrivateAliasesPass: Removed service "Symfony\Component\Routing\Matcher\UrlMatcherInterface"; reason: private alias.
Symfony\Component\DependencyInjection\Compiler\RemovePrivateAliasesPass: Removed service "Symfony\Component\Routing\RequestContext"; reason: private alias.
Symfony\Component\DependencyInjection\Compiler\RemovePrivateAliasesPass: Removed service "Doctrine\Common\Annotations\Reader"; reason: private alias.
Symfony\Component\DependencyInjection\Compiler\RemovePrivateAliasesPass: Removed service "Symfony\Component\Security\Core\Authorization\AuthorizationCheckerInterface"; reason: private alias.
Symfony\Component\DependencyInjection\Compiler\RemovePrivateAliasesPass: Removed service "Symfony\Component\Security\Core\Authentication\Token\Storage\TokenStorageInterface"; reason: private alias.
Symfony\Component\DependencyInjection\Compiler\RemovePrivateAliasesPass: Removed service "Symfony\Component\Security\Core\Encoder\EncoderFactoryInterface"; reason: private alias.
Symfony\Component\DependencyInjection\Compiler\RemovePrivateAliasesPass: Removed service "Symfony\Component\Security\Core\Encoder\UserPasswordEncoderInterface"; reason: private alias.
Symfony\Component\DependencyInjection\Compiler\RemovePrivateAliasesPass: Removed service "Symfony\Component\Security\Http\Authentication\AuthenticationUtils"; reason: private alias.
Symfony\Component\DependencyInjection\Compiler\RemovePrivateAliasesPass: Removed service "Symfony\Component\Security\Core\Authorization\AccessDecisionManagerInterface"; reason: private alias.
Symfony\Component\DependencyInjection\Compiler\RemovePrivateAliasesPass: Removed service "Symfony\Component\Security\Http\Firewall"; reason: private alias.
Symfony\Component\DependencyInjection\Compiler\RemovePrivateAliasesPass: Removed service "security.user.provider.concrete.fos_userbundle"; reason: private alias.
Symfony\Component\DependencyInjection\Compiler\RemovePrivateAliasesPass: Removed service "security.user_checker.main"; reason: private alias.
Symfony\Component\DependencyInjection\Compiler\RemovePrivateAliasesPass: Removed service "Symfony\Component\Security\Core\User\UserCheckerInterface"; reason: private alias.
Symfony\Component\DependencyInjection\Compiler\RemovePrivateAliasesPass: Removed service "Twig_Environment"; reason: private alias.
Symfony\Component\DependencyInjection\Compiler\RemovePrivateAliasesPass: Removed service "Twig\Environment"; reason: private alias.
Symfony\Component\DependencyInjection\Compiler\RemovePrivateAliasesPass: Removed service "Psr\Log\LoggerInterface"; reason: private alias.
Symfony\Component\DependencyInjection\Compiler\RemovePrivateAliasesPass: Removed service "Swift_Spool"; reason: private alias.
Symfony\Component\DependencyInjection\Compiler\RemovePrivateAliasesPass: Removed service "Swift_Mailer"; reason: private alias.
Symfony\Component\DependencyInjection\Compiler\RemovePrivateAliasesPass: Removed service "Swift_Transport"; reason: private alias.
Symfony\Component\DependencyInjection\Compiler\RemovePrivateAliasesPass: Removed service "Doctrine\DBAL\Driver\Connection"; reason: private alias.
Symfony\Component\DependencyInjection\Compiler\RemovePrivateAliasesPass: Removed service "Doctrine\DBAL\Connection"; reason: private alias.
Symfony\Component\DependencyInjection\Compiler\RemovePrivateAliasesPass: Removed service "Doctrine\Common\Persistence\ManagerRegistry"; reason: private alias.
Symfony\Component\DependencyInjection\Compiler\RemovePrivateAliasesPass: Removed service "doctrine.dbal.event_manager"; reason: private alias.
Symfony\Component\DependencyInjection\Compiler\RemovePrivateAliasesPass: Removed service "Doctrine\Common\Persistence\ObjectManager"; reason: private alias.
Symfony\Component\DependencyInjection\Compiler\RemovePrivateAliasesPass: Removed service "Doctrine\ORM\EntityManagerInterface"; reason: private alias.
Symfony\Component\DependencyInjection\Compiler\RemovePrivateAliasesPass: Removed service "doctrine.orm.metadata.annotation_reader"; reason: private alias.
Symfony\Component\DependencyInjection\Compiler\RemovePrivateAliasesPass: Removed service "doctrine.orm.default_entity_manager.event_manager"; reason: private alias.
Symfony\Component\DependencyInjection\Compiler\RemovePrivateAliasesPass: Removed service "fos_user.doctrine_registry"; reason: private alias.
Symfony\Component\DependencyInjection\Compiler\RemovePrivateAliasesPass: Removed service "FOS\UserBundle\Model\UserManagerInterface"; reason: private alias.
Symfony\Component\DependencyInjection\Compiler\RemovePrivateAliasesPass: Removed service "sensio_framework_extra.security.expression_language"; reason: private alias.
Symfony\Component\DependencyInjection\Compiler\RemovePrivateAliasesPass: Removed service "Symfony\Component\Templating\EngineInterface"; reason: private alias.
Symfony\Component\DependencyInjection\Compiler\RemovePrivateAliasesPass: Removed service "Symfony\Bundle\FrameworkBundle\Templating\EngineInterface"; reason: private alias.
Symfony\Component\DependencyInjection\Compiler\RemovePrivateAliasesPass: Removed service "service_locator.b8d2046fb854cde05549fb309e1a80d2"; reason: private alias.
Symfony\Component\DependencyInjection\Compiler\RemovePrivateAliasesPass: Removed service "translator.logging.inner"; reason: private alias.
Symfony\Component\DependencyInjection\Compiler\RemovePrivateAliasesPass: Removed service "controller_resolver"; reason: private alias.
Symfony\Component\DependencyInjection\Compiler\RemovePrivateAliasesPass: Removed service "argument_resolver"; reason: private alias.
Symfony\Component\DependencyInjection\Compiler\RemovePrivateAliasesPass: Removed service "security.access.decision_manager"; reason: private alias.
Symfony\Component\DependencyInjection\Compiler\ReplaceAliasByActualDefinitionPass: Changed reference of service "locale_listener" previously pointing to "router.default" to "router".
Symfony\Component\DependencyInjection\Compiler\ReplaceAliasByActualDefinitionPass: Changed reference of service "session.storage.native" previously pointing to "session.handler.native_file" to "session.handler".
Symfony\Component\DependencyInjection\Compiler\ReplaceAliasByActualDefinitionPass: Changed reference of service "session.storage.php_bridge" previously pointing to "session.handler.native_file" to "session.handler".
Symfony\Component\DependencyInjection\Compiler\ReplaceAliasByActualDefinitionPass: Changed reference of service "form.type_extension.upload.validator" previously pointing to "translator.logging" to "translator".
Symfony\Component\DependencyInjection\Compiler\ReplaceAliasByActualDefinitionPass: Changed reference of service "form.type_extension.csrf" previously pointing to "translator.logging" to "translator".
Symfony\Component\DependencyInjection\Compiler\ReplaceAliasByActualDefinitionPass: Changed reference of service "validator.builder" previously pointing to "translator.logging" to "translator".
Symfony\Component\DependencyInjection\Compiler\ReplaceAliasByActualDefinitionPass: Changed reference of service "validator.builder" previously pointing to "annotations.cached_reader" to "annotation_reader".
Symfony\Component\DependencyInjection\Compiler\ReplaceAliasByActualDefinitionPass: Changed reference of service "translator_listener" previously pointing to "translator.logging" to "translator".
Symfony\Component\DependencyInjection\Compiler\ReplaceAliasByActualDefinitionPass: Changed reference of service "router.cache_warmer" previously pointing to "router.default" to "router".
Symfony\Component\DependencyInjection\Compiler\ReplaceAliasByActualDefinitionPass: Changed reference of service "router_listener" previously pointing to "router.default" to "router".
Symfony\Component\DependencyInjection\Compiler\ReplaceAliasByActualDefinitionPass: Changed reference of service "security.logout_url_generator" previously pointing to "router.default" to "router".
Symfony\Component\DependencyInjection\Compiler\ReplaceAliasByActualDefinitionPass: Changed reference of service "security.http_utils" previously pointing to "router.default" to "router".
Symfony\Component\DependencyInjection\Compiler\ReplaceAliasByActualDefinitionPass: Changed reference of service "security.http_utils" previously pointing to "router.default" to "router".
Symfony\Component\DependencyInjection\Compiler\ReplaceAliasByActualDefinitionPass: Changed reference of service "security.validator.user_password" previously pointing to "security.encoder_factory.generic" to "security.encoder_factory".
Symfony\Component\DependencyInjection\Compiler\ReplaceAliasByActualDefinitionPass: Changed reference of service "security.authentication.provider.dao.main" previously pointing to "security.encoder_factory.generic" to "security.encoder_factory".
Symfony\Component\DependencyInjection\Compiler\ReplaceAliasByActualDefinitionPass: Changed reference of service "twig" previously pointing to "twig.loader.filesystem" to "twig.loader".
Symfony\Component\DependencyInjection\Compiler\ReplaceAliasByActualDefinitionPass: Changed reference of service "twig.extension.trans" previously pointing to "translator.logging" to "translator".
Symfony\Component\DependencyInjection\Compiler\ReplaceAliasByActualDefinitionPass: Changed reference of service "twig.extension.routing" previously pointing to "router.default" to "router".
Symfony\Component\DependencyInjection\Compiler\ReplaceAliasByActualDefinitionPass: Changed reference of service "swiftmailer.email_sender.listener" previously pointing to "monolog.logger" to "logger".
Symfony\Component\DependencyInjection\Compiler\ReplaceAliasByActualDefinitionPass: Changed reference of service "swiftmailer.mailer.default" previously pointing to "swiftmailer.mailer.default.transport.spool" to "swiftmailer.mailer.default.transport".
Symfony\Component\DependencyInjection\Compiler\ReplaceAliasByActualDefinitionPass: Changed reference of service "doctrine.orm.default_annotation_metadata_driver" previously pointing to "annotations.cached_reader" to "annotation_reader".
Symfony\Component\DependencyInjection\Compiler\ReplaceAliasByActualDefinitionPass: Changed reference of service "fos_user.security.interactive_login_listener" previously pointing to "fos_user.user_manager.default" to "fos_user.user_manager".
Symfony\Component\DependencyInjection\Compiler\ReplaceAliasByActualDefinitionPass: Changed reference of service "fos_user.user_provider.username" previously pointing to "fos_user.user_manager.default" to "fos_user.user_manager".
Symfony\Component\DependencyInjection\Compiler\ReplaceAliasByActualDefinitionPass: Changed reference of service "fos_user.user_provider.username_email" previously pointing to "fos_user.user_manager.default" to "fos_user.user_manager".
Symfony\Component\DependencyInjection\Compiler\ReplaceAliasByActualDefinitionPass: Changed reference of service "fos_user.util.user_manipulator" previously pointing to "fos_user.user_manager.default" to "fos_user.user_manager".
Symfony\Component\DependencyInjection\Compiler\ReplaceAliasByActualDefinitionPass: Changed reference of service "fos_user.util.password_updater" previously pointing to "security.encoder_factory.generic" to "security.encoder_factory".
Symfony\Component\DependencyInjection\Compiler\ReplaceAliasByActualDefinitionPass: Changed reference of service "fos_user.util.canonical_fields_updater" previously pointing to "fos_user.util.canonicalizer.default" to "fos_user.util.email_canonicalizer".
Symfony\Component\DependencyInjection\Compiler\ReplaceAliasByActualDefinitionPass: Changed reference of service "fos_user.util.canonical_fields_updater" previously pointing to "fos_user.util.canonicalizer.default" to "fos_user.util.email_canonicalizer".
Symfony\Component\DependencyInjection\Compiler\ReplaceAliasByActualDefinitionPass: Changed reference of service "fos_user.mailer.twig_swift" previously pointing to "router.default" to "router".
Symfony\Component\DependencyInjection\Compiler\ReplaceAliasByActualDefinitionPass: Changed reference of service "fos_user.listener.flash" previously pointing to "translator.logging" to "translator".
Symfony\Component\DependencyInjection\Compiler\ReplaceAliasByActualDefinitionPass: Changed reference of service "fos_user.user_to_username_transformer" previously pointing to "fos_user.user_manager.default" to "fos_user.user_manager".
Symfony\Component\DependencyInjection\Compiler\ReplaceAliasByActualDefinitionPass: Changed reference of service "fos_user.listener.resetting" previously pointing to "router.default" to "router".
Symfony\Component\DependencyInjection\Compiler\ReplaceAliasByActualDefinitionPass: Changed reference of service "sensio_framework_extra.controller.listener" previously pointing to "annotations.cached_reader" to "annotation_reader".
Symfony\Component\DependencyInjection\Compiler\ReplaceAliasByActualDefinitionPass: Changed reference of service "sensio_framework_extra.routing.loader.annot_class" previously pointing to "annotations.cached_reader" to "annotation_reader".
Symfony\Component\DependencyInjection\Compiler\ReplaceAliasByActualDefinitionPass: Changed reference of service "security.password_encoder" previously pointing to "security.encoder_factory.generic" to "security.encoder_factory".
Symfony\Component\DependencyInjection\Compiler\ReplaceAliasByActualDefinitionPass: Changed reference of service "swiftmailer.mailer.default.transport" previously pointing to "swiftmailer.mailer.default.spool.memory" to "swiftmailer.mailer.default.spool".
Symfony\Component\DependencyInjection\Compiler\ReplaceAliasByActualDefinitionPass: Changed reference of service "fos_user.mailer" previously pointing to "router.default" to "router".
Symfony\Component\DependencyInjection\Compiler\ReplaceAliasByActualDefinitionPass: Changed reference of service "fos_user.mailer" previously pointing to "templating.engine.twig" to "templating".
Symfony\Component\DependencyInjection\Compiler\ReplaceAliasByActualDefinitionPass: Changed reference of service "console.command.symfony_bundle_securitybundle_command_userpasswordencodercommand" previously pointing to "security.encoder_factory.generic" to "security.encoder_factory".
Symfony\Component\DependencyInjection\Compiler\RemoveAbstractDefinitionsPass: Removed service "cache.adapter.system"; reason: abstract.
Symfony\Component\DependencyInjection\Compiler\RemoveAbstractDefinitionsPass: Removed service "cache.adapter.apcu"; reason: abstract.
Symfony\Component\DependencyInjection\Compiler\RemoveAbstractDefinitionsPass: Removed service "cache.adapter.doctrine"; reason: abstract.
Symfony\Component\DependencyInjection\Compiler\RemoveAbstractDefinitionsPass: Removed service "cache.adapter.filesystem"; reason: abstract.
Symfony\Component\DependencyInjection\Compiler\RemoveAbstractDefinitionsPass: Removed service "cache.adapter.psr6"; reason: abstract.
Symfony\Component\DependencyInjection\Compiler\RemoveAbstractDefinitionsPass: Removed service "cache.adapter.redis"; reason: abstract.
Symfony\Component\DependencyInjection\Compiler\RemoveAbstractDefinitionsPass: Removed service "cache.adapter.memcached"; reason: abstract.
Symfony\Component\DependencyInjection\Compiler\RemoveAbstractDefinitionsPass: Removed service "assets.path_package"; reason: abstract.
Symfony\Component\DependencyInjection\Compiler\RemoveAbstractDefinitionsPass: Removed service "assets.url_package"; reason: abstract.
Symfony\Component\DependencyInjection\Compiler\RemoveAbstractDefinitionsPass: Removed service "assets.static_version_strategy"; reason: abstract.
Symfony\Component\DependencyInjection\Compiler\RemoveAbstractDefinitionsPass: Removed service "assets.json_manifest_version_strategy"; reason: abstract.
Symfony\Component\DependencyInjection\Compiler\RemoveAbstractDefinitionsPass: Removed service "security.firewall.context"; reason: abstract.
Symfony\Component\DependencyInjection\Compiler\RemoveAbstractDefinitionsPass: Removed service "security.firewall.config"; reason: abstract.
Symfony\Component\DependencyInjection\Compiler\RemoveAbstractDefinitionsPass: Removed service "security.user.provider.in_memory"; reason: abstract.
Symfony\Component\DependencyInjection\Compiler\RemoveAbstractDefinitionsPass: Removed service "security.user.provider.in_memory.user"; reason: abstract.
Symfony\Component\DependencyInjection\Compiler\RemoveAbstractDefinitionsPass: Removed service "security.user.provider.ldap"; reason: abstract.
Symfony\Component\DependencyInjection\Compiler\RemoveAbstractDefinitionsPass: Removed service "security.user.provider.chain"; reason: abstract.
Symfony\Component\DependencyInjection\Compiler\RemoveAbstractDefinitionsPass: Removed service "security.logout_listener"; reason: abstract.
Symfony\Component\DependencyInjection\Compiler\RemoveAbstractDefinitionsPass: Removed service "security.logout.handler.cookie_clearing"; reason: abstract.
Symfony\Component\DependencyInjection\Compiler\RemoveAbstractDefinitionsPass: Removed service "security.logout.success_handler"; reason: abstract.
Symfony\Component\DependencyInjection\Compiler\RemoveAbstractDefinitionsPass: Removed service "security.authentication.form_entry_point"; reason: abstract.
Symfony\Component\DependencyInjection\Compiler\RemoveAbstractDefinitionsPass: Removed service "security.authentication.listener.abstract"; reason: abstract.
Symfony\Component\DependencyInjection\Compiler\RemoveAbstractDefinitionsPass: Removed service "security.authentication.custom_success_handler"; reason: abstract.
Symfony\Component\DependencyInjection\Compiler\RemoveAbstractDefinitionsPass: Removed service "security.authentication.success_handler"; reason: abstract.
Symfony\Component\DependencyInjection\Compiler\RemoveAbstractDefinitionsPass: Removed service "security.authentication.custom_failure_handler"; reason: abstract.
Symfony\Component\DependencyInjection\Compiler\RemoveAbstractDefinitionsPass: Removed service "security.authentication.failure_handler"; reason: abstract.
Symfony\Component\DependencyInjection\Compiler\RemoveAbstractDefinitionsPass: Removed service "security.authentication.listener.form"; reason: abstract.
Symfony\Component\DependencyInjection\Compiler\RemoveAbstractDefinitionsPass: Removed service "security.authentication.listener.simple_form"; reason: abstract.
Symfony\Component\DependencyInjection\Compiler\RemoveAbstractDefinitionsPass: Removed service "security.authentication.simple_success_failure_handler"; reason: abstract.
Symfony\Component\DependencyInjection\Compiler\RemoveAbstractDefinitionsPass: Removed service "security.authentication.listener.simple_preauth"; reason: abstract.
Symfony\Component\DependencyInjection\Compiler\RemoveAbstractDefinitionsPass: Removed service "security.authentication.listener.x509"; reason: abstract.
Symfony\Component\DependencyInjection\Compiler\RemoveAbstractDefinitionsPass: Removed service "security.authentication.listener.json"; reason: abstract.
Symfony\Component\DependencyInjection\Compiler\RemoveAbstractDefinitionsPass: Removed service "security.authentication.listener.remote_user"; reason: abstract.
Symfony\Component\DependencyInjection\Compiler\RemoveAbstractDefinitionsPass: Removed service "security.authentication.listener.basic"; reason: abstract.
Symfony\Component\DependencyInjection\Compiler\RemoveAbstractDefinitionsPass: Removed service "security.authentication.listener.digest"; reason: abstract.
Symfony\Component\DependencyInjection\Compiler\RemoveAbstractDefinitionsPass: Removed service "security.authentication.provider.dao"; reason: abstract.
Symfony\Component\DependencyInjection\Compiler\RemoveAbstractDefinitionsPass: Removed service "security.authentication.provider.ldap_bind"; reason: abstract.
Symfony\Component\DependencyInjection\Compiler\RemoveAbstractDefinitionsPass: Removed service "security.authentication.provider.simple"; reason: abstract.
Symfony\Component\DependencyInjection\Compiler\RemoveAbstractDefinitionsPass: Removed service "security.authentication.provider.pre_authenticated"; reason: abstract.
Symfony\Component\DependencyInjection\Compiler\RemoveAbstractDefinitionsPass: Removed service "security.exception_listener"; reason: abstract.
Symfony\Component\DependencyInjection\Compiler\RemoveAbstractDefinitionsPass: Removed service "security.authentication.switchuser_listener"; reason: abstract.
Symfony\Component\DependencyInjection\Compiler\RemoveAbstractDefinitionsPass: Removed service "security.authentication.listener.rememberme"; reason: abstract.
Symfony\Component\DependencyInjection\Compiler\RemoveAbstractDefinitionsPass: Removed service "security.authentication.provider.rememberme"; reason: abstract.
Symfony\Component\DependencyInjection\Compiler\RemoveAbstractDefinitionsPass: Removed service "security.authentication.rememberme.services.abstract"; reason: abstract.
Symfony\Component\DependencyInjection\Compiler\RemoveAbstractDefinitionsPass: Removed service "security.authentication.rememberme.services.persistent"; reason: abstract.
Symfony\Component\DependencyInjection\Compiler\RemoveAbstractDefinitionsPass: Removed service "security.authentication.rememberme.services.simplehash"; reason: abstract.
Symfony\Component\DependencyInjection\Compiler\RemoveAbstractDefinitionsPass: Removed service "security.authentication.provider.guard"; reason: abstract.
Symfony\Component\DependencyInjection\Compiler\RemoveAbstractDefinitionsPass: Removed service "security.authentication.listener.guard"; reason: abstract.
Symfony\Component\DependencyInjection\Compiler\RemoveAbstractDefinitionsPass: Removed service "monolog.logger_prototype"; reason: abstract.
Symfony\Component\DependencyInjection\Compiler\RemoveAbstractDefinitionsPass: Removed service "swiftmailer.mailer.abstract"; reason: abstract.
Symfony\Component\DependencyInjection\Compiler\RemoveAbstractDefinitionsPass: Removed service "swiftmailer.transport.smtp.configurator.abstract"; reason: abstract.
Symfony\Component\DependencyInjection\Compiler\RemoveAbstractDefinitionsPass: Removed service "swiftmailer.transport.sendmail.abstract"; reason: abstract.
Symfony\Component\DependencyInjection\Compiler\RemoveAbstractDefinitionsPass: Removed service "swiftmailer.transport.mail.abstract"; reason: abstract.
Symfony\Component\DependencyInjection\Compiler\RemoveAbstractDefinitionsPass: Removed service "swiftmailer.transport.null.abstract"; reason: abstract.
Symfony\Component\DependencyInjection\Compiler\RemoveAbstractDefinitionsPass: Removed service "swiftmailer.transport.buffer.abstract"; reason: abstract.
Symfony\Component\DependencyInjection\Compiler\RemoveAbstractDefinitionsPass: Removed service "swiftmailer.transport.authhandler.abstract"; reason: abstract.
Symfony\Component\DependencyInjection\Compiler\RemoveAbstractDefinitionsPass: Removed service "swiftmailer.transport.eventdispatcher.abstract"; reason: abstract.
Symfony\Component\DependencyInjection\Compiler\RemoveAbstractDefinitionsPass: Removed service "swiftmailer.plugin.redirecting.abstract"; reason: abstract.
Symfony\Component\DependencyInjection\Compiler\RemoveAbstractDefinitionsPass: Removed service "swiftmailer.plugin.antiflood.abstract"; reason: abstract.
Symfony\Component\DependencyInjection\Compiler\RemoveAbstractDefinitionsPass: Removed service "swiftmailer.plugin.impersonate.abstract"; reason: abstract.
Symfony\Component\DependencyInjection\Compiler\RemoveAbstractDefinitionsPass: Removed service "swiftmailer.plugin.messagelogger.abstract"; reason: abstract.
Symfony\Component\DependencyInjection\Compiler\RemoveAbstractDefinitionsPass: Removed service "swiftmailer.transport.smtp.abstract"; reason: abstract.
Symfony\Component\DependencyInjection\Compiler\RemoveAbstractDefinitionsPass: Removed service "swiftmailer.transport.spool.abstract"; reason: abstract.
Symfony\Component\DependencyInjection\Compiler\RemoveAbstractDefinitionsPass: Removed service "swiftmailer.spool.file.abstract"; reason: abstract.
Symfony\Component\DependencyInjection\Compiler\RemoveAbstractDefinitionsPass: Removed service "swiftmailer.spool.memory.abstract"; reason: abstract.
Symfony\Component\DependencyInjection\Compiler\RemoveAbstractDefinitionsPass: Removed service "doctrine_cache.abstract.apc"; reason: abstract.
Symfony\Component\DependencyInjection\Compiler\RemoveAbstractDefinitionsPass: Removed service "doctrine_cache.abstract.apcu"; reason: abstract.
Symfony\Component\DependencyInjection\Compiler\RemoveAbstractDefinitionsPass: Removed service "doctrine_cache.abstract.array"; reason: abstract.
Symfony\Component\DependencyInjection\Compiler\RemoveAbstractDefinitionsPass: Removed service "doctrine_cache.abstract.chain"; reason: abstract.
Symfony\Component\DependencyInjection\Compiler\RemoveAbstractDefinitionsPass: Removed service "doctrine_cache.abstract.couchbase"; reason: abstract.
Symfony\Component\DependencyInjection\Compiler\RemoveAbstractDefinitionsPass: Removed service "doctrine_cache.abstract.file_system"; reason: abstract.
Symfony\Component\DependencyInjection\Compiler\RemoveAbstractDefinitionsPass: Removed service "doctrine_cache.abstract.php_file"; reason: abstract.
Symfony\Component\DependencyInjection\Compiler\RemoveAbstractDefinitionsPass: Removed service "doctrine_cache.abstract.memcache"; reason: abstract.
Symfony\Component\DependencyInjection\Compiler\RemoveAbstractDefinitionsPass: Removed service "doctrine_cache.abstract.memcached"; reason: abstract.
Symfony\Component\DependencyInjection\Compiler\RemoveAbstractDefinitionsPass: Removed service "doctrine_cache.abstract.mongodb"; reason: abstract.
Symfony\Component\DependencyInjection\Compiler\RemoveAbstractDefinitionsPass: Removed service "doctrine_cache.abstract.redis"; reason: abstract.
Symfony\Component\DependencyInjection\Compiler\RemoveAbstractDefinitionsPass: Removed service "doctrine_cache.abstract.predis"; reason: abstract.
Symfony\Component\DependencyInjection\Compiler\RemoveAbstractDefinitionsPass: Removed service "doctrine_cache.abstract.riak"; reason: abstract.
Symfony\Component\DependencyInjection\Compiler\RemoveAbstractDefinitionsPass: Removed service "doctrine_cache.abstract.sqlite3"; reason: abstract.
Symfony\Component\DependencyInjection\Compiler\RemoveAbstractDefinitionsPass: Removed service "doctrine_cache.abstract.void"; reason: abstract.
Symfony\Component\DependencyInjection\Compiler\RemoveAbstractDefinitionsPass: Removed service "doctrine_cache.abstract.wincache"; reason: abstract.
Symfony\Component\DependencyInjection\Compiler\RemoveAbstractDefinitionsPass: Removed service "doctrine_cache.abstract.xcache"; reason: abstract.
Symfony\Component\DependencyInjection\Compiler\RemoveAbstractDefinitionsPass: Removed service "doctrine_cache.abstract.zenddata"; reason: abstract.
Symfony\Component\DependencyInjection\Compiler\RemoveAbstractDefinitionsPass: Removed service "doctrine.dbal.logger.chain"; reason: abstract.
Symfony\Component\DependencyInjection\Compiler\RemoveAbstractDefinitionsPass: Removed service "doctrine.dbal.logger.profiling"; reason: abstract.
Symfony\Component\DependencyInjection\Compiler\RemoveAbstractDefinitionsPass: Removed service "doctrine.dbal.connection"; reason: abstract.
Symfony\Component\DependencyInjection\Compiler\RemoveAbstractDefinitionsPass: Removed service "doctrine.dbal.connection.event_manager"; reason: abstract.
Symfony\Component\DependencyInjection\Compiler\RemoveAbstractDefinitionsPass: Removed service "doctrine.dbal.connection.configuration"; reason: abstract.
Symfony\Component\DependencyInjection\Compiler\RemoveAbstractDefinitionsPass: Removed service "doctrine.orm.configuration"; reason: abstract.
Symfony\Component\DependencyInjection\Compiler\RemoveAbstractDefinitionsPass: Removed service "doctrine.orm.entity_manager.abstract"; reason: abstract.
Symfony\Component\DependencyInjection\Compiler\RemoveAbstractDefinitionsPass: Removed service "doctrine.orm.manager_configurator.abstract"; reason: abstract.
Symfony\Component\DependencyInjection\Compiler\RemoveAbstractDefinitionsPass: Removed service "doctrine.orm.security.user.provider"; reason: abstract.
Symfony\Component\DependencyInjection\Compiler\RemoveAbstractDefinitionsPass: Removed service "instanceof.Symfony\Component\Form\FormTypeInterface.0.app.form.address"; reason: abstract.
Symfony\Component\DependencyInjection\Compiler\RemoveAbstractDefinitionsPass: Removed service "abstract.instanceof.app.form.address"; reason: abstract.
Symfony\Component\DependencyInjection\Compiler\RemoveAbstractDefinitionsPass: Removed service "instanceof.Symfony\Component\Console\Command\Command.0.AppBundle\Command\SocketCommand"; reason: abstract.
Symfony\Component\DependencyInjection\Compiler\RemoveAbstractDefinitionsPass: Removed service "abstract.instanceof.AppBundle\Command\SocketCommand"; reason: abstract.
Symfony\Component\DependencyInjection\Compiler\RemoveAbstractDefinitionsPass: Removed service "instanceof.Symfony\Bundle\FrameworkBundle\Controller\Controller.0.AppBundle\Controller\DefaultController"; reason: abstract.
Symfony\Component\DependencyInjection\Compiler\RemoveAbstractDefinitionsPass: Removed service "abstract.instanceof.AppBundle\Controller\DefaultController"; reason: abstract.
Symfony\Component\DependencyInjection\Compiler\RemoveAbstractDefinitionsPass: Removed service "instanceof.Symfony\Bundle\FrameworkBundle\Controller\Controller.0.AppBundle\Controller\LoginController"; reason: abstract.
Symfony\Component\DependencyInjection\Compiler\RemoveAbstractDefinitionsPass: Removed service "abstract.instanceof.AppBundle\Controller\LoginController"; reason: abstract.
Symfony\Component\DependencyInjection\Compiler\RemoveAbstractDefinitionsPass: Removed service "instanceof.Symfony\Bundle\FrameworkBundle\Controller\Controller.0.AppBundle\Controller\ProfileController"; reason: abstract.
Symfony\Component\DependencyInjection\Compiler\RemoveAbstractDefinitionsPass: Removed service "abstract.instanceof.AppBundle\Controller\ProfileController"; reason: abstract.
Symfony\Component\DependencyInjection\Compiler\RemoveAbstractDefinitionsPass: Removed service "instanceof.Symfony\Bundle\FrameworkBundle\Controller\Controller.0.AppBundle\Controller\TestController"; reason: abstract.
Symfony\Component\DependencyInjection\Compiler\RemoveAbstractDefinitionsPass: Removed service "abstract.instanceof.AppBundle\Controller\TestController"; reason: abstract.
Symfony\Component\DependencyInjection\Compiler\RemoveAbstractDefinitionsPass: Removed service "instanceof.Symfony\Component\Form\FormTypeInterface.0.AppBundle\Form\Type\AddressFormType"; reason: abstract.
Symfony\Component\DependencyInjection\Compiler\RemoveAbstractDefinitionsPass: Removed service "abstract.instanceof.AppBundle\Form\Type\AddressFormType"; reason: abstract.
Symfony\Component\DependencyInjection\Compiler\RemoveAbstractDefinitionsPass: Removed service "instanceof.Symfony\Component\Form\FormTypeInterface.0.AppBundle\Form\Type\ProfileFormType"; reason: abstract.
Symfony\Component\DependencyInjection\Compiler\RemoveAbstractDefinitionsPass: Removed service "abstract.instanceof.AppBundle\Form\Type\ProfileFormType"; reason: abstract.
Symfony\Component\DependencyInjection\Compiler\RemoveAbstractDefinitionsPass: Removed service "instanceof.Symfony\Component\Form\FormTypeInterface.0.AppBundle\Form\Type\RegistrationFormType"; reason: abstract.
Symfony\Component\DependencyInjection\Compiler\RemoveAbstractDefinitionsPass: Removed service "abstract.instanceof.AppBundle\Form\Type\RegistrationFormType"; reason: abstract.
Symfony\Component\DependencyInjection\Compiler\InlineServiceDefinitionsPass: Inlined service "service_locator.142131e286f3fcfcf251dc1bbbf93577" to "argument_resolver.service".
Symfony\Component\DependencyInjection\Compiler\InlineServiceDefinitionsPass: Inlined service "templating.cache_warmer.template_paths" to "cache_warmer".
Symfony\Component\DependencyInjection\Compiler\InlineServiceDefinitionsPass: Inlined service "validator.mapping.cache_warmer" to "cache_warmer".
Symfony\Component\DependencyInjection\Compiler\InlineServiceDefinitionsPass: Inlined service "translation.warmer" to "cache_warmer".
Symfony\Component\DependencyInjection\Compiler\InlineServiceDefinitionsPass: Inlined service "router.cache_warmer" to "cache_warmer".
Symfony\Component\DependencyInjection\Compiler\InlineServiceDefinitionsPass: Inlined service "annotations.cache_warmer" to "cache_warmer".
Symfony\Component\DependencyInjection\Compiler\InlineServiceDefinitionsPass: Inlined service "twig.cache_warmer" to "cache_warmer".
Symfony\Component\DependencyInjection\Compiler\InlineServiceDefinitionsPass: Inlined service "twig.template_cache_warmer" to "cache_warmer".
Symfony\Component\DependencyInjection\Compiler\InlineServiceDefinitionsPass: Inlined service "doctrine.orm.proxy_cache_warmer" to "cache_warmer".
Symfony\Component\DependencyInjection\Compiler\InlineServiceDefinitionsPass: Inlined service "cache.property_access" to "property_accessor".
Symfony\Component\DependencyInjection\Compiler\InlineServiceDefinitionsPass: Inlined service "session.attribute_bag" to "session".
Symfony\Component\DependencyInjection\Compiler\InlineServiceDefinitionsPass: Inlined service "session.flash_bag" to "session".
Symfony\Component\DependencyInjection\Compiler\InlineServiceDefinitionsPass: Inlined service "1_542aaa52839a5977f4fa45a143e00513ee91b2b073a0268d49a4b62e18f66794" to "session_listener".
Symfony\Component\DependencyInjection\Compiler\InlineServiceDefinitionsPass: Inlined service "form.extension" to "form.registry".
Symfony\Component\DependencyInjection\Compiler\InlineServiceDefinitionsPass: Inlined service "service_locator.6a03d1177ceb29ab8cf2abfc08c56310" to "form.extension".
Symfony\Component\DependencyInjection\Compiler\InlineServiceDefinitionsPass: Inlined service "form.choice_list_factory.default" to "form.choice_list_factory.property_access".
Symfony\Component\DependencyInjection\Compiler\InlineServiceDefinitionsPass: Inlined service "form.choice_list_factory.property_access" to "form.choice_list_factory.cached".
Symfony\Component\DependencyInjection\Compiler\InlineServiceDefinitionsPass: Inlined service "form.choice_list_factory.cached" to "form.type.choice".
Symfony\Component\DependencyInjection\Compiler\InlineServiceDefinitionsPass: Inlined service "form.type_extension.form.request_handler" to "form.type_extension.form.http_foundation".
Symfony\Component\DependencyInjection\Compiler\InlineServiceDefinitionsPass: Inlined service "security.csrf.token_generator" to "security.csrf.token_manager".
Symfony\Component\DependencyInjection\Compiler\InlineServiceDefinitionsPass: Inlined service "security.csrf.token_storage" to "security.csrf.token_manager".
Symfony\Component\DependencyInjection\Compiler\InlineServiceDefinitionsPass: Inlined service "assets._default_package" to "assets.packages".
Symfony\Component\DependencyInjection\Compiler\InlineServiceDefinitionsPass: Inlined service "validator.validator_factory" to "validator.builder".
Symfony\Component\DependencyInjection\Compiler\InlineServiceDefinitionsPass: Inlined service "fos_user.validator.initializer" to "validator.builder".
Symfony\Component\DependencyInjection\Compiler\InlineServiceDefinitionsPass: Inlined service "1_ca46f8aa4a04d16c3eacd13369cae331521dea84b6fd6d6b523c6f6a194dff60" to "validator.mapping.cache.symfony".
Symfony\Component\DependencyInjection\Compiler\InlineServiceDefinitionsPass: Inlined service "2_ca46f8aa4a04d16c3eacd13369cae331521dea84b6fd6d6b523c6f6a194dff60" to "validator.mapping.cache.doctrine.apc".
Symfony\Component\DependencyInjection\Compiler\InlineServiceDefinitionsPass: Inlined service "service_locator.39e66930232432ca5ba91e98fdd8a17b" to "validator.validator_factory".
Symfony\Component\DependencyInjection\Compiler\InlineServiceDefinitionsPass: Inlined service "service_locator.20ccd3ddf0f78b2202986f924e362585" to "translator.default".
Symfony\Component\DependencyInjection\Compiler\InlineServiceDefinitionsPass: Inlined service "translator.selector" to "translator.default".
Symfony\Component\DependencyInjection\Compiler\InlineServiceDefinitionsPass: Inlined service "debug.event_dispatcher.inner" to "debug.event_dispatcher".
Symfony\Component\DependencyInjection\Compiler\InlineServiceDefinitionsPass: Inlined service "debug.controller_resolver.inner" to "debug.controller_resolver".
Symfony\Component\DependencyInjection\Compiler\InlineServiceDefinitionsPass: Inlined service "debug.argument_resolver.inner" to "debug.argument_resolver".
Symfony\Component\DependencyInjection\Compiler\InlineServiceDefinitionsPass: Inlined service "routing.loader.xml" to "routing.resolver".
Symfony\Component\DependencyInjection\Compiler\InlineServiceDefinitionsPass: Inlined service "routing.loader.yml" to "routing.resolver".
Symfony\Component\DependencyInjection\Compiler\InlineServiceDefinitionsPass: Inlined service "routing.loader.php" to "routing.resolver".
Symfony\Component\DependencyInjection\Compiler\InlineServiceDefinitionsPass: Inlined service "routing.loader.glob" to "routing.resolver".
Symfony\Component\DependencyInjection\Compiler\InlineServiceDefinitionsPass: Inlined service "routing.loader.directory" to "routing.resolver".
Symfony\Component\DependencyInjection\Compiler\InlineServiceDefinitionsPass: Inlined service "routing.loader.service" to "routing.resolver".
Symfony\Component\DependencyInjection\Compiler\InlineServiceDefinitionsPass: Inlined service "sensio_framework_extra.routing.loader.annot_dir" to "routing.resolver".
Symfony\Component\DependencyInjection\Compiler\InlineServiceDefinitionsPass: Inlined service "sensio_framework_extra.routing.loader.annot_file" to "routing.resolver".
Symfony\Component\DependencyInjection\Compiler\InlineServiceDefinitionsPass: Inlined service "routing.resolver" to "routing.loader".
Symfony\Component\DependencyInjection\Compiler\InlineServiceDefinitionsPass: Inlined service "1_afab6495fceea9b854d6f33d67d2d0e4443f0eba40d4ee9871968bc10dc9046b" to "annotations.reader".
Symfony\Component\DependencyInjection\Compiler\InlineServiceDefinitionsPass: Inlined service "3_afab6495fceea9b854d6f33d67d2d0e4443f0eba40d4ee9871968bc10dc9046b" to "annotations.cache".
Symfony\Component\DependencyInjection\Compiler\InlineServiceDefinitionsPass: Inlined service "security.expression_language" to "security.access.expression_voter".
Symfony\Component\DependencyInjection\Compiler\InlineServiceDefinitionsPass: Inlined service "service_locator.dd81f3312a0aed1d1376c1e15f3520a6" to "security.firewall.map".
Symfony\Component\DependencyInjection\Compiler\InlineServiceDefinitionsPass: Inlined service "security.authentication.retry_entry_point" to "security.channel_listener".
Symfony\Component\DependencyInjection\Compiler\InlineServiceDefinitionsPass: Inlined service "security.request_matcher.31e460dadb2373cadf56add4d6f0882a4065ddcb20e0c1fb08b4747bce4038b3d968975f" to "security.access_map".
Symfony\Component\DependencyInjection\Compiler\InlineServiceDefinitionsPass: Inlined service "security.request_matcher.322c1d6d4b24374af2d90b8f5c26bfa4a21ccec3cbe187876c3a7f76d441ff561c988643" to "security.access_map".
Symfony\Component\DependencyInjection\Compiler\InlineServiceDefinitionsPass: Inlined service "security.request_matcher.5b101508263005aeeb8e52488988a83674e139591c84905c8af6424efad20469093b970b" to "security.access_map".
Symfony\Component\DependencyInjection\Compiler\InlineServiceDefinitionsPass: Inlined service "security.request_matcher.fc1361a081a79d43baa3b010f55efe95a2cf43369ee73dcd2182ec1b9334ab99334e0826" to "security.access_map".
Symfony\Component\DependencyInjection\Compiler\InlineServiceDefinitionsPass: Inlined service "debug.security.access.decision_manager.inner" to "debug.security.access.decision_manager".
Symfony\Component\DependencyInjection\Compiler\InlineServiceDefinitionsPass: Inlined service "security.logout.success_handler.main" to "security.logout_listener.main".
Symfony\Component\DependencyInjection\Compiler\InlineServiceDefinitionsPass: Inlined service "security.logout.handler.session" to "security.logout_listener.main".
Symfony\Component\DependencyInjection\Compiler\InlineServiceDefinitionsPass: Inlined service "security.authentication.success_handler.main.form_login" to "security.authentication.listener.form.main".
Symfony\Component\DependencyInjection\Compiler\InlineServiceDefinitionsPass: Inlined service "security.authentication.failure_handler.main.form_login" to "security.authentication.listener.form.main".
Symfony\Component\DependencyInjection\Compiler\InlineServiceDefinitionsPass: Inlined service "security.authentication.form_entry_point.main" to "security.exception_listener.main".
Symfony\Component\DependencyInjection\Compiler\InlineServiceDefinitionsPass: Inlined service "security.channel_listener" to "security.firewall.map.context.main".
Symfony\Component\DependencyInjection\Compiler\InlineServiceDefinitionsPass: Inlined service "security.context_listener.0" to "security.firewall.map.context.main".
Symfony\Component\DependencyInjection\Compiler\InlineServiceDefinitionsPass: Inlined service "security.logout_listener.main" to "security.firewall.map.context.main".
Symfony\Component\DependencyInjection\Compiler\InlineServiceDefinitionsPass: Inlined service "security.authentication.listener.form.main" to "security.firewall.map.context.main".
Symfony\Component\DependencyInjection\Compiler\InlineServiceDefinitionsPass: Inlined service "security.authentication.listener.anonymous.main" to "security.firewall.map.context.main".
Symfony\Component\DependencyInjection\Compiler\InlineServiceDefinitionsPass: Inlined service "security.access_listener" to "security.firewall.map.context.main".
Symfony\Component\DependencyInjection\Compiler\InlineServiceDefinitionsPass: Inlined service "security.exception_listener.main" to "security.firewall.map.context.main".
Symfony\Component\DependencyInjection\Compiler\InlineServiceDefinitionsPass: Inlined service "security.firewall.map.config.main" to "security.firewall.map.context.main".
Symfony\Component\DependencyInjection\Compiler\InlineServiceDefinitionsPass: Inlined service "twig.extension.logout_url" to "twig".
Symfony\Component\DependencyInjection\Compiler\InlineServiceDefinitionsPass: Inlined service "twig.extension.security" to "twig".
Symfony\Component\DependencyInjection\Compiler\InlineServiceDefinitionsPass: Inlined service "twig.extension.profiler" to "twig".
Symfony\Component\DependencyInjection\Compiler\InlineServiceDefinitionsPass: Inlined service "twig.extension.trans" to "twig".
Symfony\Component\DependencyInjection\Compiler\InlineServiceDefinitionsPass: Inlined service "twig.extension.assets" to "twig".
Symfony\Component\DependencyInjection\Compiler\InlineServiceDefinitionsPass: Inlined service "twig.extension.code" to "twig".
Symfony\Component\DependencyInjection\Compiler\InlineServiceDefinitionsPass: Inlined service "twig.extension.routing" to "twig".
Symfony\Component\DependencyInjection\Compiler\InlineServiceDefinitionsPass: Inlined service "twig.extension.yaml" to "twig".
Symfony\Component\DependencyInjection\Compiler\InlineServiceDefinitionsPass: Inlined service "twig.extension.debug.stopwatch" to "twig".
Symfony\Component\DependencyInjection\Compiler\InlineServiceDefinitionsPass: Inlined service "twig.extension.expression" to "twig".
Symfony\Component\DependencyInjection\Compiler\InlineServiceDefinitionsPass: Inlined service "twig.extension.httpkernel" to "twig".
Symfony\Component\DependencyInjection\Compiler\InlineServiceDefinitionsPass: Inlined service "twig.extension.httpfoundation" to "twig".
Symfony\Component\DependencyInjection\Compiler\InlineServiceDefinitionsPass: Inlined service "twig.extension.debug" to "twig".
Symfony\Component\DependencyInjection\Compiler\InlineServiceDefinitionsPass: Inlined service "twig.extension.form" to "twig".
Symfony\Component\DependencyInjection\Compiler\InlineServiceDefinitionsPass: Inlined service "twig.extension.weblink" to "twig".
Symfony\Component\DependencyInjection\Compiler\InlineServiceDefinitionsPass: Inlined service "doctrine.twig.doctrine_extension" to "twig".
Symfony\Component\DependencyInjection\Compiler\InlineServiceDefinitionsPass: Inlined service "twig.app_variable" to "twig".
Symfony\Component\DependencyInjection\Compiler\InlineServiceDefinitionsPass: Inlined service "twig.runtime_loader" to "twig".
Symfony\Component\DependencyInjection\Compiler\InlineServiceDefinitionsPass: Inlined service "twig.configurator.environment" to "twig".
Symfony\Component\DependencyInjection\Compiler\InlineServiceDefinitionsPass: Inlined service "service_locator.26ac001b3ede28481ac0de703666b4d7" to "twig.cache_warmer".
Symfony\Component\DependencyInjection\Compiler\InlineServiceDefinitionsPass: Inlined service "twig.template_iterator" to "twig.template_cache_warmer".
Symfony\Component\DependencyInjection\Compiler\InlineServiceDefinitionsPass: Inlined service "service_locator.8925f20c49cbd61fcb37adf8c595459e" to "twig.runtime_loader".
Symfony\Component\DependencyInjection\Compiler\InlineServiceDefinitionsPass: Inlined service "twig.form.engine" to "twig.form.renderer".
Symfony\Component\DependencyInjection\Compiler\InlineServiceDefinitionsPass: Inlined service "1_b9915d0e5cfc792be69c9395119346beca0905cf1e27e222fb587120c3de81cc" to "swiftmailer.mailer.default.transport.authhandler".
Symfony\Component\DependencyInjection\Compiler\InlineServiceDefinitionsPass: Inlined service "2_b9915d0e5cfc792be69c9395119346beca0905cf1e27e222fb587120c3de81cc" to "swiftmailer.mailer.default.transport.authhandler".
Symfony\Component\DependencyInjection\Compiler\InlineServiceDefinitionsPass: Inlined service "3_b9915d0e5cfc792be69c9395119346beca0905cf1e27e222fb587120c3de81cc" to "swiftmailer.mailer.default.transport.authhandler".
Symfony\Component\DependencyInjection\Compiler\InlineServiceDefinitionsPass: Inlined service "swiftmailer.transport.replacementfactory" to "swiftmailer.mailer.default.transport.buffer".
Symfony\Component\DependencyInjection\Compiler\InlineServiceDefinitionsPass: Inlined service "doctrine.dbal.logger.chain.default" to "doctrine.dbal.default_connection.configuration".
Symfony\Component\DependencyInjection\Compiler\InlineServiceDefinitionsPass: Inlined service "doctrine.dbal.logger" to "doctrine.dbal.logger.chain.default".
Symfony\Component\DependencyInjection\Compiler\InlineServiceDefinitionsPass: Inlined service "fos_user.user_listener" to "doctrine.dbal.default_connection.event_manager".
Symfony\Component\DependencyInjection\Compiler\InlineServiceDefinitionsPass: Inlined service "doctrine.dbal.default_connection.configuration" to "doctrine.dbal.default_connection".
Symfony\Component\DependencyInjection\Compiler\InlineServiceDefinitionsPass: Inlined service "doctrine.dbal.default_connection.event_manager" to "doctrine.dbal.default_connection".
Symfony\Component\DependencyInjection\Compiler\InlineServiceDefinitionsPass: Inlined service "doctrine.orm.default_metadata_driver" to "doctrine.orm.default_configuration".
Symfony\Component\DependencyInjection\Compiler\InlineServiceDefinitionsPass: Inlined service "doctrine.orm.naming_strategy.underscore" to "doctrine.orm.default_configuration".
Symfony\Component\DependencyInjection\Compiler\InlineServiceDefinitionsPass: Inlined service "doctrine.orm.quote_strategy.default" to "doctrine.orm.default_configuration".
Symfony\Component\DependencyInjection\Compiler\InlineServiceDefinitionsPass: Inlined service "doctrine.orm.default_annotation_metadata_driver" to "doctrine.orm.default_metadata_driver".
Symfony\Component\DependencyInjection\Compiler\InlineServiceDefinitionsPass: Inlined service "doctrine.orm.default_annotation_metadata_driver" to "doctrine.orm.default_metadata_driver".
Symfony\Component\DependencyInjection\Compiler\InlineServiceDefinitionsPass: Inlined service "doctrine.orm.default_configuration" to "doctrine.orm.default_entity_manager".
Symfony\Component\DependencyInjection\Compiler\InlineServiceDefinitionsPass: Inlined service "doctrine.orm.default_entity_manager.metadata_factory" to "doctrine.orm.default_entity_manager.property_info_extractor".
Symfony\Component\DependencyInjection\Compiler\InlineServiceDefinitionsPass: Inlined service "fos_user.user_to_username_transformer" to "fos_user.username_form_type".
Symfony\Component\DependencyInjection\Compiler\InlineServiceDefinitionsPass: Inlined service "sensio_framework_extra.security.expression_language.default" to "sensio_framework_extra.security.listener".
Symfony\Component\DependencyInjection\Compiler\InlineServiceDefinitionsPass: Inlined service "argument_metadata_factory" to "debug.argument_resolver.inner".
Symfony\Component\DependencyInjection\Compiler\InlineServiceDefinitionsPass: Inlined service "annotations.cache" to "annotation_reader".
Symfony\Component\DependencyInjection\Compiler\InlineServiceDefinitionsPass: Inlined service "swiftmailer.mailer.default.transport.buffer" to "swiftmailer.mailer.default.transport.real".
Symfony\Component\DependencyInjection\Compiler\InlineServiceDefinitionsPass: Inlined service "swiftmailer.mailer.default.transport.authhandler" to "swiftmailer.mailer.default.transport.real".
Symfony\Component\DependencyInjection\Compiler\InlineServiceDefinitionsPass: Inlined service "swiftmailer.transport.configurator.default" to "swiftmailer.mailer.default.transport.real".
Symfony\Component\DependencyInjection\Compiler\InlineServiceDefinitionsPass: Inlined service "fos_user.object_manager" to "fos_user.user_manager".
Symfony\Component\DependencyInjection\Compiler\RemoveUnusedDefinitionsPass: Removed service "app.form.address"; reason: unused.
Symfony\Component\DependencyInjection\Compiler\RemoveUnusedDefinitionsPass: Removed service "AppBundle\AppBundle"; reason: unused.
Symfony\Component\DependencyInjection\Compiler\RemoveUnusedDefinitionsPass: Removed service "AppBundle\Sockets\Chat"; reason: unused.
Symfony\Component\DependencyInjection\Compiler\RemoveUnusedDefinitionsPass: Removed service "argument_metadata_factory"; reason: unused.
Symfony\Component\DependencyInjection\Compiler\RemoveUnusedDefinitionsPass: Removed service "cache.serializer"; reason: unused.
Symfony\Component\DependencyInjection\Compiler\RemoveUnusedDefinitionsPass: Removed service "translator.selector"; reason: unused.
Symfony\Component\DependencyInjection\Compiler\RemoveUnusedDefinitionsPass: Removed service "1_542aaa52839a5977f4fa45a143e00513ee91b2b073a0268d49a4b62e18f66794"; reason: unused.
Symfony\Component\DependencyInjection\Compiler\RemoveUnusedDefinitionsPass: Removed service "session.flash_bag"; reason: unused.
Symfony\Component\DependencyInjection\Compiler\RemoveUnusedDefinitionsPass: Removed service "session.attribute_bag"; reason: unused.
Symfony\Component\DependencyInjection\Compiler\RemoveUnusedDefinitionsPass: Removed service "session.handler.write_check"; reason: unused.
Symfony\Component\DependencyInjection\Compiler\RemoveUnusedDefinitionsPass: Removed service "form.extension"; reason: unused.
Symfony\Component\DependencyInjection\Compiler\RemoveUnusedDefinitionsPass: Removed service "form.choice_list_factory.default"; reason: unused.
Symfony\Component\DependencyInjection\Compiler\RemoveUnusedDefinitionsPass: Removed service "form.choice_list_factory.property_access"; reason: unused.
Symfony\Component\DependencyInjection\Compiler\RemoveUnusedDefinitionsPass: Removed service "form.choice_list_factory.cached"; reason: unused.
Symfony\Component\DependencyInjection\Compiler\RemoveUnusedDefinitionsPass: Removed service "form.type_extension.form.request_handler"; reason: unused.
Symfony\Component\DependencyInjection\Compiler\RemoveUnusedDefinitionsPass: Removed service "security.csrf.token_generator"; reason: unused.
Symfony\Component\DependencyInjection\Compiler\RemoveUnusedDefinitionsPass: Removed service "security.csrf.token_storage"; reason: unused.
Symfony\Component\DependencyInjection\Compiler\RemoveUnusedDefinitionsPass: Removed service "assets.empty_package"; reason: unused.
Symfony\Component\DependencyInjection\Compiler\RemoveUnusedDefinitionsPass: Removed service "assets._default_package"; reason: unused.
Symfony\Component\DependencyInjection\Compiler\RemoveUnusedDefinitionsPass: Removed service "templating.engine.delegating"; reason: unused.
Symfony\Component\DependencyInjection\Compiler\RemoveUnusedDefinitionsPass: Removed service "templating.cache_warmer.template_paths"; reason: unused.
Symfony\Component\DependencyInjection\Compiler\RemoveUnusedDefinitionsPass: Removed service "templating.loader.cache"; reason: unused.
Symfony\Component\DependencyInjection\Compiler\RemoveUnusedDefinitionsPass: Removed service "templating.loader.chain"; reason: unused.
Symfony\Component\DependencyInjection\Compiler\RemoveUnusedDefinitionsPass: Removed service "2_ca46f8aa4a04d16c3eacd13369cae331521dea84b6fd6d6b523c6f6a194dff60"; reason: unused.
Symfony\Component\DependencyInjection\Compiler\RemoveUnusedDefinitionsPass: Removed service "1_ca46f8aa4a04d16c3eacd13369cae331521dea84b6fd6d6b523c6f6a194dff60"; reason: unused.
Symfony\Component\DependencyInjection\Compiler\RemoveUnusedDefinitionsPass: Removed service "validator.mapping.cache_warmer"; reason: unused.
Symfony\Component\DependencyInjection\Compiler\RemoveUnusedDefinitionsPass: Removed service "validator.mapping.cache.symfony"; reason: unused.
Symfony\Component\DependencyInjection\Compiler\RemoveUnusedDefinitionsPass: Removed service "validator.mapping.cache.doctrine.apc"; reason: unused.
Symfony\Component\DependencyInjection\Compiler\RemoveUnusedDefinitionsPass: Removed service "validator.validator_factory"; reason: unused.
Symfony\Component\DependencyInjection\Compiler\RemoveUnusedDefinitionsPass: Removed service "translation.warmer"; reason: unused.
Symfony\Component\DependencyInjection\Compiler\RemoveUnusedDefinitionsPass: Removed service "c66c8daa4fa4dead6a562ed2c4bdb322"; reason: unused.
Symfony\Component\DependencyInjection\Compiler\RemoveUnusedDefinitionsPass: Removed service "8464c6758298cf75d30c4f689fb7886d"; reason: unused.
Symfony\Component\DependencyInjection\Compiler\RemoveUnusedDefinitionsPass: Removed service "cache.property_access"; reason: unused.
Symfony\Component\DependencyInjection\Compiler\RemoveUnusedDefinitionsPass: Removed service "debug.log_processor"; reason: unused.
Symfony\Component\DependencyInjection\Compiler\RemoveUnusedDefinitionsPass: Removed service "routing.resolver"; reason: unused.
Symfony\Component\DependencyInjection\Compiler\RemoveUnusedDefinitionsPass: Removed service "routing.loader.xml"; reason: unused.
Symfony\Component\DependencyInjection\Compiler\RemoveUnusedDefinitionsPass: Removed service "routing.loader.yml"; reason: unused.
Symfony\Component\DependencyInjection\Compiler\RemoveUnusedDefinitionsPass: Removed service "routing.loader.php"; reason: unused.
Symfony\Component\DependencyInjection\Compiler\RemoveUnusedDefinitionsPass: Removed service "routing.loader.glob"; reason: unused.
Symfony\Component\DependencyInjection\Compiler\RemoveUnusedDefinitionsPass: Removed service "routing.loader.directory"; reason: unused.
Symfony\Component\DependencyInjection\Compiler\RemoveUnusedDefinitionsPass: Removed service "routing.loader.service"; reason: unused.
Symfony\Component\DependencyInjection\Compiler\RemoveUnusedDefinitionsPass: Removed service "router.cache_warmer"; reason: unused.
Symfony\Component\DependencyInjection\Compiler\RemoveUnusedDefinitionsPass: Removed service "3_afab6495fceea9b854d6f33d67d2d0e4443f0eba40d4ee9871968bc10dc9046b"; reason: unused.
Symfony\Component\DependencyInjection\Compiler\RemoveUnusedDefinitionsPass: Removed service "2_afab6495fceea9b854d6f33d67d2d0e4443f0eba40d4ee9871968bc10dc9046b"; reason: unused.
Symfony\Component\DependencyInjection\Compiler\RemoveUnusedDefinitionsPass: Removed service "1_afab6495fceea9b854d6f33d67d2d0e4443f0eba40d4ee9871968bc10dc9046b"; reason: unused.
Symfony\Component\DependencyInjection\Compiler\RemoveUnusedDefinitionsPass: Removed service "annotations.filesystem_cache"; reason: unused.
Symfony\Component\DependencyInjection\Compiler\RemoveUnusedDefinitionsPass: Removed service "annotations.cache_warmer"; reason: unused.
Symfony\Component\DependencyInjection\Compiler\RemoveUnusedDefinitionsPass: Removed service "annotations.cache"; reason: unused.
Symfony\Component\DependencyInjection\Compiler\RemoveUnusedDefinitionsPass: Removed service "security.expression_language"; reason: unused.
Symfony\Component\DependencyInjection\Compiler\RemoveUnusedDefinitionsPass: Removed service "security.authentication.listener.anonymous"; reason: unused.
Symfony\Component\DependencyInjection\Compiler\RemoveUnusedDefinitionsPass: Removed service "security.authentication.provider.anonymous"; reason: unused.
Symfony\Component\DependencyInjection\Compiler\RemoveUnusedDefinitionsPass: Removed service "security.authentication.retry_entry_point"; reason: unused.
Symfony\Component\DependencyInjection\Compiler\RemoveUnusedDefinitionsPass: Removed service "security.authentication.basic_entry_point"; reason: unused.
Symfony\Component\DependencyInjection\Compiler\RemoveUnusedDefinitionsPass: Removed service "security.authentication.digest_entry_point"; reason: unused.
Symfony\Component\DependencyInjection\Compiler\RemoveUnusedDefinitionsPass: Removed service "security.channel_listener"; reason: unused.
Symfony\Component\DependencyInjection\Compiler\RemoveUnusedDefinitionsPass: Removed service "security.context_listener"; reason: unused.
Symfony\Component\DependencyInjection\Compiler\RemoveUnusedDefinitionsPass: Removed service "security.logout.handler.session"; reason: unused.
Symfony\Component\DependencyInjection\Compiler\RemoveUnusedDefinitionsPass: Removed service "security.access_listener"; reason: unused.
Symfony\Component\DependencyInjection\Compiler\RemoveUnusedDefinitionsPass: Removed service "security.rememberme.token.provider.in_memory"; reason: unused.
Symfony\Component\DependencyInjection\Compiler\RemoveUnusedDefinitionsPass: Removed service "twig.extension.logout_url"; reason: unused.
Symfony\Component\DependencyInjection\Compiler\RemoveUnusedDefinitionsPass: Removed service "twig.extension.security"; reason: unused.
Symfony\Component\DependencyInjection\Compiler\RemoveUnusedDefinitionsPass: Removed service "data_collector.security"; reason: unused.
Symfony\Component\DependencyInjection\Compiler\RemoveUnusedDefinitionsPass: Removed service "security.firewall.map.config.main"; reason: unused.
Symfony\Component\DependencyInjection\Compiler\RemoveUnusedDefinitionsPass: Removed service "security.context_listener.0"; reason: unused.
Symfony\Component\DependencyInjection\Compiler\RemoveUnusedDefinitionsPass: Removed service "security.logout_listener.main"; reason: unused.
Symfony\Component\DependencyInjection\Compiler\RemoveUnusedDefinitionsPass: Removed service "security.logout.success_handler.main"; reason: unused.
Symfony\Component\DependencyInjection\Compiler\RemoveUnusedDefinitionsPass: Removed service "security.authentication.success_handler.main.form_login"; reason: unused.
Symfony\Component\DependencyInjection\Compiler\RemoveUnusedDefinitionsPass: Removed service "security.authentication.failure_handler.main.form_login"; reason: unused.
Symfony\Component\DependencyInjection\Compiler\RemoveUnusedDefinitionsPass: Removed service "security.authentication.listener.form.main"; reason: unused.
Symfony\Component\DependencyInjection\Compiler\RemoveUnusedDefinitionsPass: Removed service "security.authentication.form_entry_point.main"; reason: unused.
Symfony\Component\DependencyInjection\Compiler\RemoveUnusedDefinitionsPass: Removed service "security.authentication.listener.anonymous.main"; reason: unused.
Symfony\Component\DependencyInjection\Compiler\RemoveUnusedDefinitionsPass: Removed service "security.exception_listener.main"; reason: unused.
Symfony\Component\DependencyInjection\Compiler\RemoveUnusedDefinitionsPass: Removed service "service_locator.dd81f3312a0aed1d1376c1e15f3520a6"; reason: unused.
Symfony\Component\DependencyInjection\Compiler\RemoveUnusedDefinitionsPass: Removed service "security.request_matcher.31e460dadb2373cadf56add4d6f0882a4065ddcb20e0c1fb08b4747bce4038b3d968975f"; reason: unused.
Symfony\Component\DependencyInjection\Compiler\RemoveUnusedDefinitionsPass: Removed service "security.request_matcher.322c1d6d4b24374af2d90b8f5c26bfa4a21ccec3cbe187876c3a7f76d441ff561c988643"; reason: unused.
Symfony\Component\DependencyInjection\Compiler\RemoveUnusedDefinitionsPass: Removed service "security.request_matcher.5b101508263005aeeb8e52488988a83674e139591c84905c8af6424efad20469093b970b"; reason: unused.
Symfony\Component\DependencyInjection\Compiler\RemoveUnusedDefinitionsPass: Removed service "security.request_matcher.fc1361a081a79d43baa3b010f55efe95a2cf43369ee73dcd2182ec1b9334ab99334e0826"; reason: unused.
Symfony\Component\DependencyInjection\Compiler\RemoveUnusedDefinitionsPass: Removed service "twig.app_variable"; reason: unused.
Symfony\Component\DependencyInjection\Compiler\RemoveUnusedDefinitionsPass: Removed service "twig.cache_warmer"; reason: unused.
Symfony\Component\DependencyInjection\Compiler\RemoveUnusedDefinitionsPass: Removed service "twig.template_iterator"; reason: unused.
Symfony\Component\DependencyInjection\Compiler\RemoveUnusedDefinitionsPass: Removed service "twig.template_cache_warmer"; reason: unused.
Symfony\Component\DependencyInjection\Compiler\RemoveUnusedDefinitionsPass: Removed service "twig.loader.native_filesystem"; reason: unused.
Symfony\Component\DependencyInjection\Compiler\RemoveUnusedDefinitionsPass: Removed service "twig.loader.chain"; reason: unused.
Symfony\Component\DependencyInjection\Compiler\RemoveUnusedDefinitionsPass: Removed service "twig.extension.profiler"; reason: unused.
Symfony\Component\DependencyInjection\Compiler\RemoveUnusedDefinitionsPass: Removed service "data_collector.twig"; reason: unused.
Symfony\Component\DependencyInjection\Compiler\RemoveUnusedDefinitionsPass: Removed service "twig.extension.trans"; reason: unused.
Symfony\Component\DependencyInjection\Compiler\RemoveUnusedDefinitionsPass: Removed service "twig.extension.assets"; reason: unused.
Symfony\Component\DependencyInjection\Compiler\RemoveUnusedDefinitionsPass: Removed service "twig.extension.code"; reason: unused.
Symfony\Component\DependencyInjection\Compiler\RemoveUnusedDefinitionsPass: Removed service "twig.extension.routing"; reason: unused.
Symfony\Component\DependencyInjection\Compiler\RemoveUnusedDefinitionsPass: Removed service "twig.extension.yaml"; reason: unused.
Symfony\Component\DependencyInjection\Compiler\RemoveUnusedDefinitionsPass: Removed service "twig.extension.debug.stopwatch"; reason: unused.
Symfony\Component\DependencyInjection\Compiler\RemoveUnusedDefinitionsPass: Removed service "twig.extension.expression"; reason: unused.
Symfony\Component\DependencyInjection\Compiler\RemoveUnusedDefinitionsPass: Removed service "twig.extension.httpkernel"; reason: unused.
Symfony\Component\DependencyInjection\Compiler\RemoveUnusedDefinitionsPass: Removed service "twig.extension.httpfoundation"; reason: unused.
Symfony\Component\DependencyInjection\Compiler\RemoveUnusedDefinitionsPass: Removed service "twig.extension.debug"; reason: unused.
Symfony\Component\DependencyInjection\Compiler\RemoveUnusedDefinitionsPass: Removed service "twig.configurator.environment"; reason: unused.
Symfony\Component\DependencyInjection\Compiler\RemoveUnusedDefinitionsPass: Removed service "twig.runtime_loader"; reason: unused.
Symfony\Component\DependencyInjection\Compiler\RemoveUnusedDefinitionsPass: Removed service "twig.extension.form"; reason: unused.
Symfony\Component\DependencyInjection\Compiler\RemoveUnusedDefinitionsPass: Removed service "twig.form.engine"; reason: unused.
Symfony\Component\DependencyInjection\Compiler\RemoveUnusedDefinitionsPass: Removed service "twig.extension.weblink"; reason: unused.
Symfony\Component\DependencyInjection\Compiler\RemoveUnusedDefinitionsPass: Removed service "monolog.formatter.chrome_php"; reason: unused.
Symfony\Component\DependencyInjection\Compiler\RemoveUnusedDefinitionsPass: Removed service "monolog.formatter.gelf_message"; reason: unused.
Symfony\Component\DependencyInjection\Compiler\RemoveUnusedDefinitionsPass: Removed service "monolog.formatter.html"; reason: unused.
Symfony\Component\DependencyInjection\Compiler\RemoveUnusedDefinitionsPass: Removed service "monolog.formatter.json"; reason: unused.
Symfony\Component\DependencyInjection\Compiler\RemoveUnusedDefinitionsPass: Removed service "monolog.formatter.line"; reason: unused.
Symfony\Component\DependencyInjection\Compiler\RemoveUnusedDefinitionsPass: Removed service "monolog.formatter.loggly"; reason: unused.
Symfony\Component\DependencyInjection\Compiler\RemoveUnusedDefinitionsPass: Removed service "monolog.formatter.normalizer"; reason: unused.
Symfony\Component\DependencyInjection\Compiler\RemoveUnusedDefinitionsPass: Removed service "monolog.formatter.scalar"; reason: unused.
Symfony\Component\DependencyInjection\Compiler\RemoveUnusedDefinitionsPass: Removed service "monolog.formatter.wildfire"; reason: unused.
Symfony\Component\DependencyInjection\Compiler\RemoveUnusedDefinitionsPass: Removed service "monolog.formatter.logstash"; reason: unused.
Symfony\Component\DependencyInjection\Compiler\RemoveUnusedDefinitionsPass: Removed service "3_b9915d0e5cfc792be69c9395119346beca0905cf1e27e222fb587120c3de81cc"; reason: unused.
Symfony\Component\DependencyInjection\Compiler\RemoveUnusedDefinitionsPass: Removed service "2_b9915d0e5cfc792be69c9395119346beca0905cf1e27e222fb587120c3de81cc"; reason: unused.
Symfony\Component\DependencyInjection\Compiler\RemoveUnusedDefinitionsPass: Removed service "1_b9915d0e5cfc792be69c9395119346beca0905cf1e27e222fb587120c3de81cc"; reason: unused.
Symfony\Component\DependencyInjection\Compiler\RemoveUnusedDefinitionsPass: Removed service "swiftmailer.transport.failover"; reason: unused.
Symfony\Component\DependencyInjection\Compiler\RemoveUnusedDefinitionsPass: Removed service "swiftmailer.transport.mailinvoker"; reason: unused.
Symfony\Component\DependencyInjection\Compiler\RemoveUnusedDefinitionsPass: Removed service "swiftmailer.transport.replacementfactory"; reason: unused.
Symfony\Component\DependencyInjection\Compiler\RemoveUnusedDefinitionsPass: Removed service "swiftmailer.data_collector"; reason: unused.
Symfony\Component\DependencyInjection\Compiler\RemoveUnusedDefinitionsPass: Removed service "swiftmailer.mailer.default.transport.authhandler"; reason: unused.
Symfony\Component\DependencyInjection\Compiler\RemoveUnusedDefinitionsPass: Removed service "swiftmailer.mailer.default.transport.buffer"; reason: unused.
Symfony\Component\DependencyInjection\Compiler\RemoveUnusedDefinitionsPass: Removed service "swiftmailer.transport.configurator.default"; reason: unused.
Symfony\Component\DependencyInjection\Compiler\RemoveUnusedDefinitionsPass: Removed service "doctrine.dbal.logger"; reason: unused.
Symfony\Component\DependencyInjection\Compiler\RemoveUnusedDefinitionsPass: Removed service "data_collector.doctrine"; reason: unused.
Symfony\Component\DependencyInjection\Compiler\RemoveUnusedDefinitionsPass: Removed service "doctrine.twig.doctrine_extension"; reason: unused.
Symfony\Component\DependencyInjection\Compiler\RemoveUnusedDefinitionsPass: Removed service "doctrine.dbal.default_connection.configuration"; reason: unused.
Symfony\Component\DependencyInjection\Compiler\RemoveUnusedDefinitionsPass: Removed service "doctrine.dbal.logger.chain.default"; reason: unused.
Symfony\Component\DependencyInjection\Compiler\RemoveUnusedDefinitionsPass: Removed service "doctrine.dbal.default_connection.event_manager"; reason: unused.
Symfony\Component\DependencyInjection\Compiler\RemoveUnusedDefinitionsPass: Removed service "doctrine.orm.proxy_cache_warmer"; reason: unused.
Symfony\Component\DependencyInjection\Compiler\RemoveUnusedDefinitionsPass: Removed service "doctrine.orm.listeners.resolve_target_entity"; reason: unused.
Symfony\Component\DependencyInjection\Compiler\RemoveUnusedDefinitionsPass: Removed service "doctrine.orm.naming_strategy.default"; reason: unused.
Symfony\Component\DependencyInjection\Compiler\RemoveUnusedDefinitionsPass: Removed service "doctrine.orm.naming_strategy.underscore"; reason: unused.
Symfony\Component\DependencyInjection\Compiler\RemoveUnusedDefinitionsPass: Removed service "doctrine.orm.quote_strategy.default"; reason: unused.
Symfony\Component\DependencyInjection\Compiler\RemoveUnusedDefinitionsPass: Removed service "doctrine.orm.quote_strategy.ansi"; reason: unused.
Symfony\Component\DependencyInjection\Compiler\RemoveUnusedDefinitionsPass: Removed service "doctrine.orm.default_configuration"; reason: unused.
Symfony\Component\DependencyInjection\Compiler\RemoveUnusedDefinitionsPass: Removed service "doctrine.orm.default_annotation_metadata_driver"; reason: unused.
Symfony\Component\DependencyInjection\Compiler\RemoveUnusedDefinitionsPass: Removed service "doctrine.orm.default_metadata_driver"; reason: unused.
Symfony\Component\DependencyInjection\Compiler\RemoveUnusedDefinitionsPass: Removed service "doctrine.orm.default_entity_manager.metadata_factory"; reason: unused.
Symfony\Component\DependencyInjection\Compiler\RemoveUnusedDefinitionsPass: Removed service "fos_user.object_manager"; reason: unused.
Symfony\Component\DependencyInjection\Compiler\RemoveUnusedDefinitionsPass: Removed service "fos_user.user_listener"; reason: unused.
Symfony\Component\DependencyInjection\Compiler\RemoveUnusedDefinitionsPass: Removed service "fos_user.validator.initializer"; reason: unused.
Symfony\Component\DependencyInjection\Compiler\RemoveUnusedDefinitionsPass: Removed service "fos_user.user_provider.username_email"; reason: unused.
Symfony\Component\DependencyInjection\Compiler\RemoveUnusedDefinitionsPass: Removed service "fos_user.mailer.twig_swift"; reason: unused.
Symfony\Component\DependencyInjection\Compiler\RemoveUnusedDefinitionsPass: Removed service "fos_user.mailer.noop"; reason: unused.
Symfony\Component\DependencyInjection\Compiler\RemoveUnusedDefinitionsPass: Removed service "fos_user.user_to_username_transformer"; reason: unused.
Symfony\Component\DependencyInjection\Compiler\RemoveUnusedDefinitionsPass: Removed service "sensio_framework_extra.routing.loader.annot_dir"; reason: unused.
Symfony\Component\DependencyInjection\Compiler\RemoveUnusedDefinitionsPass: Removed service "sensio_framework_extra.routing.loader.annot_file"; reason: unused.
Symfony\Component\DependencyInjection\Compiler\RemoveUnusedDefinitionsPass: Removed service "sensio_framework_extra.security.expression_language.default"; reason: unused.
Symfony\Component\DependencyInjection\Compiler\RemoveUnusedDefinitionsPass: Removed service "service_locator.4f8384c8862c511eefe34301cff90111"; reason: unused.
Symfony\Component\DependencyInjection\Compiler\RemoveUnusedDefinitionsPass: Removed service "service_locator.c22fde7fbf4988a45ef714bb3afc34c4"; reason: unused.
Symfony\Component\DependencyInjection\Compiler\RemoveUnusedDefinitionsPass: Removed service "service_locator.2d83b400f6337b4f220ebee1bea66b16"; reason: unused.
Symfony\Component\DependencyInjection\Compiler\RemoveUnusedDefinitionsPass: Removed service "service_locator.5545a912456aa3332d1e20cf5009355e"; reason: unused.
Symfony\Component\DependencyInjection\Compiler\RemoveUnusedDefinitionsPass: Removed service "service_locator.142131e286f3fcfcf251dc1bbbf93577"; reason: unused.
Symfony\Component\DependencyInjection\Compiler\RemoveUnusedDefinitionsPass: Removed service "service_locator.20ccd3ddf0f78b2202986f924e362585"; reason: unused.
Symfony\Component\DependencyInjection\Compiler\RemoveUnusedDefinitionsPass: Removed service "service_locator.6a03d1177ceb29ab8cf2abfc08c56310"; reason: unused.
Symfony\Component\DependencyInjection\Compiler\RemoveUnusedDefinitionsPass: Removed service "debug.event_dispatcher.inner"; reason: unused.
Symfony\Component\DependencyInjection\Compiler\RemoveUnusedDefinitionsPass: Removed service "debug.controller_resolver.inner"; reason: unused.
Symfony\Component\DependencyInjection\Compiler\RemoveUnusedDefinitionsPass: Removed service "debug.argument_resolver.inner"; reason: unused.
Symfony\Component\DependencyInjection\Compiler\RemoveUnusedDefinitionsPass: Removed service "debug.security.access.decision_manager.inner"; reason: unused.
Symfony\Component\DependencyInjection\Compiler\RemoveUnusedDefinitionsPass: Removed service "service_locator.26ac001b3ede28481ac0de703666b4d7"; reason: unused.
Symfony\Component\DependencyInjection\Compiler\RemoveUnusedDefinitionsPass: Removed service "service_locator.39e66930232432ca5ba91e98fdd8a17b"; reason: unused.
Symfony\Component\DependencyInjection\Compiler\RemoveUnusedDefinitionsPass: Removed service "service_locator.8925f20c49cbd61fcb37adf8c595459e"; reason: unused.
Symfony\Component\DependencyInjection\Compiler\InlineServiceDefinitionsPass: Inlined service "templating.finder" to "cache_warmer".
Symfony\Component\DependencyInjection\Compiler\InlineServiceDefinitionsPass: Inlined service "templating.finder" to "cache_warmer".
Symfony\Component\DependencyInjection\Compiler\InlineServiceDefinitionsPass: Inlined service "assets.empty_version_strategy" to "assets.packages".
Symfony\Component\DependencyInjection\Compiler\InlineServiceDefinitionsPass: Inlined service "sensio_framework_extra.routing.loader.annot_class" to "routing.loader".
Symfony\Component\DependencyInjection\Compiler\InlineServiceDefinitionsPass: Inlined service "sensio_framework_extra.routing.loader.annot_class" to "routing.loader".
Symfony\Component\DependencyInjection\Compiler\InlineServiceDefinitionsPass: Inlined service "sensio_framework_extra.routing.loader.annot_class" to "routing.loader".
Symfony\Component\DependencyInjection\Compiler\InlineServiceDefinitionsPass: Inlined service "security.firewall.map" to "security.firewall".
Symfony\Component\DependencyInjection\Compiler\InlineServiceDefinitionsPass: Inlined service "security.access_map" to "security.firewall.map.context.main".
Symfony\Component\DependencyInjection\Compiler\InlineServiceDefinitionsPass: Inlined service "security.http_utils" to "security.firewall.map.context.main".
Symfony\Component\DependencyInjection\Compiler\InlineServiceDefinitionsPass: Inlined service "security.http_utils" to "security.firewall.map.context.main".
Symfony\Component\DependencyInjection\Compiler\InlineServiceDefinitionsPass: Inlined service "security.http_utils" to "security.firewall.map.context.main".
Symfony\Component\DependencyInjection\Compiler\InlineServiceDefinitionsPass: Inlined service "security.http_utils" to "security.firewall.map.context.main".
Symfony\Component\DependencyInjection\Compiler\InlineServiceDefinitionsPass: Inlined service "security.http_utils" to "security.firewall.map.context.main".
Symfony\Component\DependencyInjection\Compiler\InlineServiceDefinitionsPass: Inlined service "security.access_map" to "security.firewall.map.context.main".
Symfony\Component\DependencyInjection\Compiler\InlineServiceDefinitionsPass: Inlined service "security.http_utils" to "security.firewall.map.context.main".
Symfony\Component\DependencyInjection\Compiler\InlineServiceDefinitionsPass: Inlined service "security.http_utils" to "security.firewall.map.context.main".
Symfony\Component\DependencyInjection\Compiler\InlineServiceDefinitionsPass: Inlined service "doctrine.dbal.logger.profiling.default" to "doctrine.dbal.default_connection".
Symfony\Component\DependencyInjection\Compiler\RemoveUnusedDefinitionsPass: Removed service "assets.empty_version_strategy"; reason: unused.
Symfony\Component\DependencyInjection\Compiler\RemoveUnusedDefinitionsPass: Removed service "templating.finder"; reason: unused.
Symfony\Component\DependencyInjection\Compiler\RemoveUnusedDefinitionsPass: Removed service "security.firewall.map"; reason: unused.
Symfony\Component\DependencyInjection\Compiler\RemoveUnusedDefinitionsPass: Removed service "security.http_utils"; reason: unused.
Symfony\Component\DependencyInjection\Compiler\RemoveUnusedDefinitionsPass: Removed service "security.access_map"; reason: unused.
Symfony\Component\DependencyInjection\Compiler\RemoveUnusedDefinitionsPass: Removed service "doctrine.dbal.logger.profiling.default"; reason: unused.
Symfony\Component\DependencyInjection\Compiler\RemoveUnusedDefinitionsPass: Removed service "sensio_framework_extra.routing.loader.annot_class"; reason: unused.
Symfony\Bundle\FrameworkBundle\DependencyInjection\Compiler\UnusedTagsPass: Tag "annotations.cached_reader" was defined on service(s) "annotation_reader", but was never used.
Symfony\Bundle\FrameworkBundle\DependencyInjection\Compiler\UnusedTagsPass: Tag "property_info.list_extractor" was defined on service(s) "doctrine.orm.default_entity_manager.property_info_extractor", but was never used. Did you mean "property_info.type_extractor"?
Symfony\Bundle\FrameworkBundle\DependencyInjection\Compiler\UnusedTagsPass: Tag "property_info.type_extractor" was defined on service(s) "doctrine.orm.default_entity_manager.property_info_extractor", but was never used. Did you mean "property_info.list_extractor"?